Using pre-set license
Built from '2020.3/staging' branch; Version is '2020.3.8f1 (507919d4fff5) revision 5273881'; Using compiler version '192528614'; Build Type 'Release'
OS: 'Windows 10 Education; OS build 19041.1110; Version 2004; 64bit' Language: 'ko' Physical Memory: 49085 MB
BatchMode: 1, IsHumanControllingUs: 0, StartBugReporterOnCrash: 0, Is64bit: 1, IsPro: 0

 COMMAND LINE ARGUMENTS:
D:\unity\Editor\2020.3.8f1\Editor\Unity.exe
-adb2
-batchMode
-noUpm
-name
AssetImportWorker0
-projectPath
D:/unity/MyStardewValley
-logFile
Logs/AssetImportWorker0.log
-srvPort
11086
Successfully changed project path to: D:/unity/MyStardewValley
D:/unity/MyStardewValley
Using Asset Import Pipeline V2.
Refreshing native plugins compatible for Editor in 29.09 ms, found 1 plugins.
Preloading 0 native plugins for Editor in 0.00 ms.
Initialize engine version: 2020.3.8f1 (507919d4fff5)
[Subsystems] Discovering subsystems at path D:/unity/Editor/2020.3.8f1/Editor/Data/Resources/UnitySubsystems
[Subsystems] Discovering subsystems at path D:/unity/MyStardewValley/Assets
GfxDevice: creating device client; threaded=0
Direct3D:
    Version:  Direct3D 11.0 [level 11.1]
    Renderer: NVIDIA GeForce GTX 1080 (ID=0x1b80)
    Vendor:   
    VRAM:     8079 MB
    Driver:   27.21.14.5671
Initialize mono
Mono path[0] = 'D:/unity/Editor/2020.3.8f1/Editor/Data/Managed'
Mono path[1] = 'D:/unity/Editor/2020.3.8f1/Editor/Data/MonoBleedingEdge/lib/mono/unityjit'
Mono config path = 'D:/unity/Editor/2020.3.8f1/Editor/Data/MonoBleedingEdge/etc'
Using monoOptions --debugger-agent=transport=dt_socket,embedding=1,server=y,suspend=n,address=127.0.0.1:56688
Begin MonoManager ReloadAssembly
Registering precompiled unity dll's ...
Register platform support module: D:/unity/Editor/2020.3.8f1/Editor/Data/PlaybackEngines/WindowsStandaloneSupport/UnityEditor.WindowsStandalone.Extensions.dll
Registered in 0.000882 seconds.
Native extension for WindowsStandalone target not found
Refreshing native plugins compatible for Editor in 29.56 ms, found 1 plugins.
Preloading 0 native plugins for Editor in 0.00 ms.
Mono: successfully reloaded assembly
- Completed reload, in  1.223 seconds
Platform modules already initialized, skipping
Registering precompiled user dll's ...
Registered in 0.000715 seconds.
Begin MonoManager ReloadAssembly
Native extension for WindowsStandalone target not found
Refreshing native plugins compatible for Editor in 32.52 ms, found 1 plugins.
Preloading 0 native plugins for Editor in 0.00 ms.
Mono: successfully reloaded assembly
- Completed reload, in  0.779 seconds
Platform modules already initialized, skipping
========================================================================
Worker process is ready to serve import requests
Launched and connected shader compiler UnityShaderCompiler.exe after 0.05 seconds
Refreshing native plugins compatible for Editor in 0.43 ms, found 1 plugins.
Preloading 0 native plugins for Editor in 0.00 ms.
Unloading 1956 Unused Serialized files (Serialized files now loaded: 0)
System memory in use before: 92.4 MB.
System memory in use after: 92.5 MB.

Unloading 20 unused Assets to reduce memory usage. Loaded Objects now: 2403.
Total: 1.943300 ms (FindLiveObjects: 0.168600 ms CreateObjectMapping: 0.056500 ms MarkObjects: 1.663800 ms  DeleteObjects: 0.053400 ms)

========================================================================
Received Import Request.
  path: Assets/Sprites/rpg_sprite_walk.png
  artifactKey: Guid(a0493a838bb63cc41be5effe700a4b28) Importer(815301076,1909f56bfc062723c751e8b465ee728b)
Start importing Assets/Sprites/rpg_sprite_walk.png using Guid(a0493a838bb63cc41be5effe700a4b28) Importer(815301076,1909f56bfc062723c751e8b465ee728b)  -> (artifact id: 'a7dcbad342f754b1de4edffb78509ef0') in 0.378595 seconds
  Import took 0.381272 seconds .

========================================================================
Received Import Request.
  Time since last request: 27.208100 seconds.
  path: Assets/Sprites/Overworld.png
  artifactKey: Guid(313b2b7c8dd75f545a97e21fd25f4f54) Importer(815301076,1909f56bfc062723c751e8b465ee728b)
Start importing Assets/Sprites/Overworld.png using Guid(313b2b7c8dd75f545a97e21fd25f4f54) Importer(815301076,1909f56bfc062723c751e8b465ee728b)  -> (artifact id: 'e4a496e14f5557d1f7dd7f439d5778d2') in 0.022187 seconds
  Import took 0.044787 seconds .

========================================================================
Received Import Request.
  Time since last request: 2.152581 seconds.
  path: Assets/Sprites/objects.png
  artifactKey: Guid(ee18757aa08bc13459287f4722422110) Importer(815301076,1909f56bfc062723c751e8b465ee728b)
Start importing Assets/Sprites/objects.png using Guid(ee18757aa08bc13459287f4722422110) Importer(815301076,1909f56bfc062723c751e8b465ee728b)  -> (artifact id: 'b08576253efccfd7c1c78294f80eaecf') in 0.015093 seconds
  Import took 0.033796 seconds .

========================================================================
Received Import Request.
  Time since last request: 6.987119 seconds.
  path: Assets/Sprites/AnimationClips/character_30.controller
  artifactKey: Guid(1dff075be548ffe479f76496f016dff2) Importer(815301076,1909f56bfc062723c751e8b465ee728b)
Start importing Assets/Sprites/AnimationClips/character_30.controller using Guid(1dff075be548ffe479f76496f016dff2) Importer(815301076,1909f56bfc062723c751e8b465ee728b)  -> (artifact id: 'cbede77ca65f5ccdc685c6a9b46eb088') in 0.009468 seconds
  Import took 0.013517 seconds .

========================================================================
Received Import Request.
  Time since last request: 2.826445 seconds.
  path: Assets/Sprites/AnimationClips/MainCharacter_WalkAnimation_Left.anim
  artifactKey: Guid(63126041457076e4788e5cc310d3b57c) Importer(815301076,1909f56bfc062723c751e8b465ee728b)
Start importing Assets/Sprites/AnimationClips/MainCharacter_WalkAnimation_Left.anim using Guid(63126041457076e4788e5cc310d3b57c) Importer(815301076,1909f56bfc062723c751e8b465ee728b)  -> (artifact id: '551804b64f2f47dcfb9fa2872e6c6402') in 0.009037 seconds
  Import took 0.011612 seconds .

========================================================================
Received Import Request.
  Time since last request: 0.506721 seconds.
  path: Assets/Sprites/AnimationClips/MainCharacter_WalkAnimation_Right.anim
  artifactKey: Guid(101f194d494bdae49b8f8b8aabfd8608) Importer(815301076,1909f56bfc062723c751e8b465ee728b)
Start importing Assets/Sprites/AnimationClips/MainCharacter_WalkAnimation_Right.anim using Guid(101f194d494bdae49b8f8b8aabfd8608) Importer(815301076,1909f56bfc062723c751e8b465ee728b)  -> (artifact id: '746195914e2b116f433394d503f25fc2') in 0.006967 seconds
  Import took 0.009815 seconds .

========================================================================
Received Import Request.
  Time since last request: 0.988355 seconds.
  path: Assets/Sprites/AnimationClips/MainCharacter_WalkAnimation_Up.anim
  artifactKey: Guid(becc586d6c28b5b409cc533731c17844) Importer(815301076,1909f56bfc062723c751e8b465ee728b)
Start importing Assets/Sprites/AnimationClips/MainCharacter_WalkAnimation_Up.anim using Guid(becc586d6c28b5b409cc533731c17844) Importer(815301076,1909f56bfc062723c751e8b465ee728b)  -> (artifact id: 'c02cf3ccaf9e4df78a17918552642e17') in 0.005931 seconds
  Import took 0.012150 seconds .

========================================================================
Received Import Request.
  Time since last request: 0.113931 seconds.
  path: Assets/Sprites/AnimationClips/character_11.controller
  artifactKey: Guid(27fe4fc3b71507e4bade354098b692fb) Importer(815301076,1909f56bfc062723c751e8b465ee728b)
Start importing Assets/Sprites/AnimationClips/character_11.controller using Guid(27fe4fc3b71507e4bade354098b692fb) Importer(815301076,1909f56bfc062723c751e8b465ee728b)  -> (artifact id: '3b53d067fe115a9b65343aa7408dc6b1') in 0.006543 seconds
  Import took 0.010216 seconds .

========================================================================
Received Import Request.
  Time since last request: 0.945465 seconds.
  path: Assets/Sprites/AnimationClips/character_22.controller
  artifactKey: Guid(75356e0e8b6045d43ab56efa13a431c4) Importer(815301076,1909f56bfc062723c751e8b465ee728b)
Start importing Assets/Sprites/AnimationClips/character_22.controller using Guid(75356e0e8b6045d43ab56efa13a431c4) Importer(815301076,1909f56bfc062723c751e8b465ee728b)  -> (artifact id: 'e054224aec4b6af89326a7a3460cd7cc') in 0.006523 seconds
  Import took 0.009058 seconds .

========================================================================
Received Import Request.
  Time since last request: 16.562239 seconds.
  path: Assets/Sprites/AnimatorController/MainCharacterController.controller
  artifactKey: Guid(4a324835d28385b40916f80a5fd16db0) Importer(815301076,1909f56bfc062723c751e8b465ee728b)
Start importing Assets/Sprites/AnimatorController/MainCharacterController.controller using Guid(4a324835d28385b40916f80a5fd16db0) Importer(815301076,1909f56bfc062723c751e8b465ee728b)  -> (artifact id: 'ae7c382978fc2b26c748300c33ce626b') in 0.006846 seconds
  Import took 0.009536 seconds .

========================================================================
Received Prepare
Registering precompiled user dll's ...
Registered in 0.000746 seconds.
Begin MonoManager ReloadAssembly
Native extension for WindowsStandalone target not found
Refreshing native plugins compatible for Editor in 0.32 ms, found 1 plugins.
Preloading 0 native plugins for Editor in 0.00 ms.
Mono: successfully reloaded assembly
- Completed reload, in  0.683 seconds
Platform modules already initialized, skipping
Refreshing native plugins compatible for Editor in 0.32 ms, found 1 plugins.
Preloading 0 native plugins for Editor in 0.00 ms.
Unloading 1944 Unused Serialized files (Serialized files now loaded: 0)
System memory in use before: 94.8 MB.
System memory in use after: 94.9 MB.

Unloading 8 unused Assets to reduce memory usage. Loaded Objects now: 2418.
Total: 1.673900 ms (FindLiveObjects: 0.141700 ms CreateObjectMapping: 0.049400 ms MarkObjects: 1.469600 ms  DeleteObjects: 0.012300 ms)

========================================================================
Received Import Request.
  Time since last request: 182.059904 seconds.
  path: Assets/Sprites/Overworld.png
  artifactKey: Guid(313b2b7c8dd75f545a97e21fd25f4f54) Importer(815301076,1909f56bfc062723c751e8b465ee728b)
Start importing Assets/Sprites/Overworld.png using Guid(313b2b7c8dd75f545a97e21fd25f4f54) Importer(815301076,1909f56bfc062723c751e8b465ee728b)  -> (artifact id: '74718bf6060e3dd1d63c4162eaaf4a18') in 0.047132 seconds
  Import took 0.049846 seconds .

========================================================================
Received Import Request.
  Time since last request: 226.118060 seconds.
  path: Assets/Sprites/Overworld.png
  artifactKey: Guid(313b2b7c8dd75f545a97e21fd25f4f54) Importer(815301076,1909f56bfc062723c751e8b465ee728b)
Start importing Assets/Sprites/Overworld.png using Guid(313b2b7c8dd75f545a97e21fd25f4f54) Importer(815301076,1909f56bfc062723c751e8b465ee728b)  -> (artifact id: '57988e3f46c5718d9040d9d93d0612a7') in 0.013774 seconds
  Import took 0.016419 seconds .

========================================================================
Received Import Request.
  Time since last request: 11127.719856 seconds.
  path: Assets/Sprites/Overworld.png
  artifactKey: Guid(313b2b7c8dd75f545a97e21fd25f4f54) Importer(815301076,1909f56bfc062723c751e8b465ee728b)
Start importing Assets/Sprites/Overworld.png using Guid(313b2b7c8dd75f545a97e21fd25f4f54) Importer(815301076,1909f56bfc062723c751e8b465ee728b)  -> (artifact id: 'e3cce7534fca58103f16d74fd0ad5d9a') in 0.857153 seconds
  Import took 0.863586 seconds .

========================================================================
Received Prepare
Registering precompiled user dll's ...
Registered in 0.001254 seconds.
Begin MonoManager ReloadAssembly
Native extension for WindowsStandalone target not found
Refreshing native plugins compatible for Editor in 0.40 ms, found 1 plugins.
Preloading 0 native plugins for Editor in 0.00 ms.
Mono: successfully reloaded assembly
- Completed reload, in  0.693 seconds
Platform modules already initialized, skipping
Refreshing native plugins compatible for Editor in 0.40 ms, found 1 plugins.
Preloading 0 native plugins for Editor in 0.00 ms.
Unloading 1944 Unused Serialized files (Serialized files now loaded: 0)
System memory in use before: 95.4 MB.
System memory in use after: 95.5 MB.

Unloading 8 unused Assets to reduce memory usage. Loaded Objects now: 2425.
Total: 1.672600 ms (FindLiveObjects: 0.158400 ms CreateObjectMapping: 0.053300 ms MarkObjects: 1.448700 ms  DeleteObjects: 0.011600 ms)

========================================================================
Received Import Request.
  Time since last request: 9882.407011 seconds.
  path: Assets/Sprites/objects.png
  artifactKey: Guid(ee18757aa08bc13459287f4722422110) Importer(815301076,1909f56bfc062723c751e8b465ee728b)
Start importing Assets/Sprites/objects.png using Guid(ee18757aa08bc13459287f4722422110) Importer(815301076,1909f56bfc062723c751e8b465ee728b)  -> (artifact id: 'f51078ccdb1206ff8c4e46c492733215') in 0.031057 seconds
  Import took 0.033816 seconds .

========================================================================
Received Import Request.
  Time since last request: 14.109141 seconds.
  path: Assets/Sprites/objects.png
  artifactKey: Guid(ee18757aa08bc13459287f4722422110) Importer(815301076,1909f56bfc062723c751e8b465ee728b)
Start importing Assets/Sprites/objects.png using Guid(ee18757aa08bc13459287f4722422110) Importer(815301076,1909f56bfc062723c751e8b465ee728b)  -> (artifact id: '7aec2c561b7b93487eb8c6b5f174248b') in 0.317588 seconds
  Import took 0.321297 seconds .

========================================================================
Received Import Request.
  Time since last request: 135.723963 seconds.
  path: Assets/Sprites/objects.png
  artifactKey: Guid(ee18757aa08bc13459287f4722422110) Importer(815301076,1909f56bfc062723c751e8b465ee728b)
Start importing Assets/Sprites/objects.png using Guid(ee18757aa08bc13459287f4722422110) Importer(815301076,1909f56bfc062723c751e8b465ee728b)  -> (artifact id: '779147ed48e657662354bfac21d2f02e') in 0.185789 seconds
  Import took 0.189122 seconds .

========================================================================
Received Prepare
Registering precompiled user dll's ...
Registered in 0.000731 seconds.
Begin MonoManager ReloadAssembly
Native extension for WindowsStandalone target not found
Refreshing native plugins compatible for Editor in 0.41 ms, found 1 plugins.
Preloading 0 native plugins for Editor in 0.00 ms.
Mono: successfully reloaded assembly
- Completed reload, in  0.686 seconds
Platform modules already initialized, skipping
Refreshing native plugins compatible for Editor in 0.38 ms, found 1 plugins.
Preloading 0 native plugins for Editor in 0.00 ms.
Unloading 1944 Unused Serialized files (Serialized files now loaded: 0)
System memory in use before: 95.6 MB.
System memory in use after: 95.8 MB.

Unloading 8 unused Assets to reduce memory usage. Loaded Objects now: 2584.
Total: 1.709000 ms (FindLiveObjects: 0.163300 ms CreateObjectMapping: 0.055600 ms MarkObjects: 1.476600 ms  DeleteObjects: 0.012900 ms)

========================================================================
Received Prepare
Registering precompiled user dll's ...
Registered in 0.000755 seconds.
Begin MonoManager ReloadAssembly
Native extension for WindowsStandalone target not found
Refreshing native plugins compatible for Editor in 0.40 ms, found 1 plugins.
Preloading 0 native plugins for Editor in 0.00 ms.
Mono: successfully reloaded assembly
- Completed reload, in  0.679 seconds
Platform modules already initialized, skipping
Refreshing native plugins compatible for Editor in 0.40 ms, found 1 plugins.
Preloading 0 native plugins for Editor in 0.00 ms.
Unloading 1944 Unused Serialized files (Serialized files now loaded: 0)
System memory in use before: 95.7 MB.
System memory in use after: 95.8 MB.

Unloading 8 unused Assets to reduce memory usage. Loaded Objects now: 2588.
Total: 1.696100 ms (FindLiveObjects: 0.167400 ms CreateObjectMapping: 0.057700 ms MarkObjects: 1.458100 ms  DeleteObjects: 0.012200 ms)

========================================================================
Received Prepare
Registering precompiled user dll's ...
Registered in 0.000777 seconds.
Begin MonoManager ReloadAssembly
Native extension for WindowsStandalone target not found
Refreshing native plugins compatible for Editor in 0.42 ms, found 1 plugins.
Preloading 0 native plugins for Editor in 0.00 ms.
Mono: successfully reloaded assembly
- Completed reload, in  0.698 seconds
Platform modules already initialized, skipping
Refreshing native plugins compatible for Editor in 0.47 ms, found 1 plugins.
Preloading 0 native plugins for Editor in 0.00 ms.
Unloading 1944 Unused Serialized files (Serialized files now loaded: 0)
System memory in use before: 95.7 MB.
System memory in use after: 95.8 MB.

Unloading 8 unused Assets to reduce memory usage. Loaded Objects now: 2592.
Total: 1.644100 ms (FindLiveObjects: 0.160200 ms CreateObjectMapping: 0.053400 ms MarkObjects: 1.417200 ms  DeleteObjects: 0.012700 ms)

========================================================================
Received Prepare
Registering precompiled user dll's ...
Registered in 0.000883 seconds.
Begin MonoManager ReloadAssembly
Native extension for WindowsStandalone target not found
Refreshing native plugins compatible for Editor in 0.42 ms, found 1 plugins.
Preloading 0 native plugins for Editor in 0.00 ms.
Mono: successfully reloaded assembly
- Completed reload, in  0.789 seconds
Platform modules already initialized, skipping
Refreshing native plugins compatible for Editor in 0.43 ms, found 1 plugins.
Preloading 0 native plugins for Editor in 0.00 ms.
Unloading 1944 Unused Serialized files (Serialized files now loaded: 0)
System memory in use before: 95.7 MB.
System memory in use after: 95.8 MB.

Unloading 8 unused Assets to reduce memory usage. Loaded Objects now: 2596.
Total: 1.913300 ms (FindLiveObjects: 0.265600 ms CreateObjectMapping: 0.123400 ms MarkObjects: 1.511100 ms  DeleteObjects: 0.012500 ms)

========================================================================
Received Prepare
Registering precompiled user dll's ...
Registered in 0.000848 seconds.
Begin MonoManager ReloadAssembly
Native extension for WindowsStandalone target not found
Refreshing native plugins compatible for Editor in 0.40 ms, found 1 plugins.
Preloading 0 native plugins for Editor in 0.00 ms.
Mono: successfully reloaded assembly
- Completed reload, in  0.679 seconds
Platform modules already initialized, skipping
Refreshing native plugins compatible for Editor in 0.39 ms, found 1 plugins.
Preloading 0 native plugins for Editor in 0.00 ms.
Unloading 1944 Unused Serialized files (Serialized files now loaded: 0)
System memory in use before: 95.7 MB.
System memory in use after: 95.8 MB.

Unloading 8 unused Assets to reduce memory usage. Loaded Objects now: 2600.
Total: 1.699200 ms (FindLiveObjects: 0.161300 ms CreateObjectMapping: 0.054900 ms MarkObjects: 1.468900 ms  DeleteObjects: 0.013400 ms)

========================================================================
Received Prepare
Registering precompiled user dll's ...
Registered in 0.000948 seconds.
Begin MonoManager ReloadAssembly
Native extension for WindowsStandalone target not found
Refreshing native plugins compatible for Editor in 0.52 ms, found 1 plugins.
Preloading 0 native plugins for Editor in 0.00 ms.
Mono: successfully reloaded assembly
- Completed reload, in  0.798 seconds
Platform modules already initialized, skipping
Refreshing native plugins compatible for Editor in 0.42 ms, found 1 plugins.
Preloading 0 native plugins for Editor in 0.00 ms.
Unloading 1944 Unused Serialized files (Serialized files now loaded: 0)
System memory in use before: 95.7 MB.
System memory in use after: 95.9 MB.

Unloading 8 unused Assets to reduce memory usage. Loaded Objects now: 2604.
Total: 2.078700 ms (FindLiveObjects: 0.196300 ms CreateObjectMapping: 0.093800 ms MarkObjects: 1.770800 ms  DeleteObjects: 0.016600 ms)

========================================================================
Received Import Request.
  Time since last request: 554.659577 seconds.
  path: Assets/ToolHit.cs
  artifactKey: Guid(d357ccfb5f001e1409fd64d6fdc3c44b) Importer(815301076,1909f56bfc062723c751e8b465ee728b)
Start importing Assets/ToolHit.cs using Guid(d357ccfb5f001e1409fd64d6fdc3c44b) Importer(815301076,1909f56bfc062723c751e8b465ee728b)  -> (artifact id: 'cf9ff94b268214e48d94c818a3f2d47a') in 0.016882 seconds
  Import took 0.019640 seconds .

========================================================================
Received Prepare
Registering precompiled user dll's ...
Registered in 0.000834 seconds.
Begin MonoManager ReloadAssembly
Native extension for WindowsStandalone target not found
Refreshing native plugins compatible for Editor in 0.40 ms, found 1 plugins.
Preloading 0 native plugins for Editor in 0.00 ms.
Mono: successfully reloaded assembly
- Completed reload, in  0.689 seconds
Platform modules already initialized, skipping
Refreshing native plugins compatible for Editor in 0.40 ms, found 1 plugins.
Preloading 0 native plugins for Editor in 0.00 ms.
Unloading 1945 Unused Serialized files (Serialized files now loaded: 0)
System memory in use before: 95.8 MB.
System memory in use after: 95.9 MB.

Unloading 8 unused Assets to reduce memory usage. Loaded Objects now: 2609.
Total: 2.058400 ms (FindLiveObjects: 0.156700 ms CreateObjectMapping: 0.050700 ms MarkObjects: 1.835200 ms  DeleteObjects: 0.015000 ms)

========================================================================
Received Prepare
Registering precompiled user dll's ...
Registered in 0.001002 seconds.
Begin MonoManager ReloadAssembly
Native extension for WindowsStandalone target not found
Refreshing native plugins compatible for Editor in 0.47 ms, found 1 plugins.
Preloading 0 native plugins for Editor in 0.00 ms.
Mono: successfully reloaded assembly
- Completed reload, in  0.731 seconds
Platform modules already initialized, skipping
Refreshing native plugins compatible for Editor in 0.35 ms, found 1 plugins.
Preloading 0 native plugins for Editor in 0.00 ms.
Unloading 1946 Unused Serialized files (Serialized files now loaded: 0)
System memory in use before: 95.8 MB.
System memory in use after: 95.9 MB.

Unloading 8 unused Assets to reduce memory usage. Loaded Objects now: 2614.
Total: 1.921500 ms (FindLiveObjects: 0.252200 ms CreateObjectMapping: 0.074300 ms MarkObjects: 1.575800 ms  DeleteObjects: 0.014800 ms)

========================================================================
Received Prepare
Registering precompiled user dll's ...
Registered in 0.000940 seconds.
Begin MonoManager ReloadAssembly
Native extension for WindowsStandalone target not found
Refreshing native plugins compatible for Editor in 0.40 ms, found 1 plugins.
Preloading 0 native plugins for Editor in 0.00 ms.
Mono: successfully reloaded assembly
- Completed reload, in  0.697 seconds
Platform modules already initialized, skipping
Refreshing native plugins compatible for Editor in 0.39 ms, found 1 plugins.
Preloading 0 native plugins for Editor in 0.00 ms.
Unloading 1946 Unused Serialized files (Serialized files now loaded: 0)
System memory in use before: 95.8 MB.
System memory in use after: 95.9 MB.

Unloading 8 unused Assets to reduce memory usage. Loaded Objects now: 2618.
Total: 1.741900 ms (FindLiveObjects: 0.226500 ms CreateObjectMapping: 0.078400 ms MarkObjects: 1.423700 ms  DeleteObjects: 0.012400 ms)

========================================================================
Received Import Request.
  Time since last request: 100.840541 seconds.
  path: Assets/Scripts/TreeCuttable.cs
  artifactKey: Guid(e6e2652b490ef1740a03ab57851e1350) Importer(815301076,1909f56bfc062723c751e8b465ee728b)
Start importing Assets/Scripts/TreeCuttable.cs using Guid(e6e2652b490ef1740a03ab57851e1350) Importer(815301076,1909f56bfc062723c751e8b465ee728b)  -> (artifact id: '8465bdc79c1bcf748e0be399487bee9d') in 0.010292 seconds
  Import took 0.013277 seconds .

========================================================================
Received Prepare
Registering precompiled user dll's ...
Registered in 0.000768 seconds.
Begin MonoManager ReloadAssembly
Native extension for WindowsStandalone target not found
Refreshing native plugins compatible for Editor in 0.40 ms, found 1 plugins.
Preloading 0 native plugins for Editor in 0.00 ms.
Mono: successfully reloaded assembly
- Completed reload, in  0.743 seconds
Platform modules already initialized, skipping
Refreshing native plugins compatible for Editor in 0.41 ms, found 1 plugins.
Preloading 0 native plugins for Editor in 0.00 ms.
Unloading 1946 Unused Serialized files (Serialized files now loaded: 0)
System memory in use before: 95.9 MB.
System memory in use after: 96.0 MB.

Unloading 8 unused Assets to reduce memory usage. Loaded Objects now: 2622.
Total: 1.739800 ms (FindLiveObjects: 0.154100 ms CreateObjectMapping: 0.051500 ms MarkObjects: 1.520500 ms  DeleteObjects: 0.012800 ms)

========================================================================
Received Prepare
Registering precompiled user dll's ...
Registered in 0.000928 seconds.
Begin MonoManager ReloadAssembly
Native extension for WindowsStandalone target not found
Refreshing native plugins compatible for Editor in 0.40 ms, found 1 plugins.
Preloading 0 native plugins for Editor in 0.00 ms.
Mono: successfully reloaded assembly
- Completed reload, in  0.682 seconds
Platform modules already initialized, skipping
Refreshing native plugins compatible for Editor in 0.40 ms, found 1 plugins.
Preloading 0 native plugins for Editor in 0.00 ms.
Unloading 1946 Unused Serialized files (Serialized files now loaded: 0)
System memory in use before: 95.9 MB.
System memory in use after: 96.0 MB.

Unloading 8 unused Assets to reduce memory usage. Loaded Objects now: 2626.
Total: 1.912800 ms (FindLiveObjects: 0.170900 ms CreateObjectMapping: 0.058400 ms MarkObjects: 1.668400 ms  DeleteObjects: 0.014200 ms)

========================================================================
Received Import Request.
  Time since last request: 88.044775 seconds.
  path: Assets/Scripts/TreeCuttable.cs
  artifactKey: Guid(e6e2652b490ef1740a03ab57851e1350) Importer(815301076,1909f56bfc062723c751e8b465ee728b)
Start importing Assets/Scripts/TreeCuttable.cs using Guid(e6e2652b490ef1740a03ab57851e1350) Importer(815301076,1909f56bfc062723c751e8b465ee728b)  -> (artifact id: '5fba8f9c96738620d75e540390a859c1') in 0.587263 seconds
  Import took 0.591636 seconds .

========================================================================
Received Prepare
Registering precompiled user dll's ...
Registered in 0.000880 seconds.
Begin MonoManager ReloadAssembly
Native extension for WindowsStandalone target not found
Refreshing native plugins compatible for Editor in 0.41 ms, found 1 plugins.
Preloading 0 native plugins for Editor in 0.00 ms.
Mono: successfully reloaded assembly
- Completed reload, in  0.692 seconds
Platform modules already initialized, skipping
Refreshing native plugins compatible for Editor in 0.42 ms, found 1 plugins.
Preloading 0 native plugins for Editor in 0.00 ms.
Unloading 1946 Unused Serialized files (Serialized files now loaded: 0)
System memory in use before: 95.9 MB.
System memory in use after: 96.0 MB.

Unloading 8 unused Assets to reduce memory usage. Loaded Objects now: 2630.
Total: 1.712400 ms (FindLiveObjects: 0.174100 ms CreateObjectMapping: 0.056300 ms MarkObjects: 1.468100 ms  DeleteObjects: 0.013000 ms)

========================================================================
Received Prepare
Registering precompiled user dll's ...
Registered in 0.001104 seconds.
Begin MonoManager ReloadAssembly
Native extension for WindowsStandalone target not found
Refreshing native plugins compatible for Editor in 0.41 ms, found 1 plugins.
Preloading 0 native plugins for Editor in 0.00 ms.
Mono: successfully reloaded assembly
- Completed reload, in  0.688 seconds
Platform modules already initialized, skipping
Refreshing native plugins compatible for Editor in 0.44 ms, found 1 plugins.
Preloading 0 native plugins for Editor in 0.00 ms.
Unloading 1946 Unused Serialized files (Serialized files now loaded: 0)
System memory in use before: 95.9 MB.
System memory in use after: 96.1 MB.

Unloading 8 unused Assets to reduce memory usage. Loaded Objects now: 2634.
Total: 1.803600 ms (FindLiveObjects: 0.170200 ms CreateObjectMapping: 0.062800 ms MarkObjects: 1.554000 ms  DeleteObjects: 0.015800 ms)

========================================================================
Received Prepare
Registering precompiled user dll's ...
Registered in 0.000777 seconds.
Begin MonoManager ReloadAssembly
Native extension for WindowsStandalone target not found
Refreshing native plugins compatible for Editor in 0.40 ms, found 1 plugins.
Preloading 0 native plugins for Editor in 0.00 ms.
Mono: successfully reloaded assembly
- Completed reload, in  0.683 seconds
Platform modules already initialized, skipping
Refreshing native plugins compatible for Editor in 0.77 ms, found 1 plugins.
Preloading 0 native plugins for Editor in 0.00 ms.
Unloading 1946 Unused Serialized files (Serialized files now loaded: 0)
System memory in use before: 95.9 MB.
System memory in use after: 96.1 MB.

Unloading 8 unused Assets to reduce memory usage. Loaded Objects now: 2638.
Total: 1.811100 ms (FindLiveObjects: 0.192700 ms CreateObjectMapping: 0.069800 ms MarkObjects: 1.530900 ms  DeleteObjects: 0.016800 ms)

========================================================================
Received Prepare
Registering precompiled user dll's ...
Registered in 0.000931 seconds.
Begin MonoManager ReloadAssembly
Native extension for WindowsStandalone target not found
Refreshing native plugins compatible for Editor in 0.41 ms, found 1 plugins.
Preloading 0 native plugins for Editor in 0.00 ms.
Mono: successfully reloaded assembly
- Completed reload, in  0.779 seconds
Platform modules already initialized, skipping
Refreshing native plugins compatible for Editor in 0.60 ms, found 1 plugins.
Preloading 0 native plugins for Editor in 0.00 ms.
Unloading 1946 Unused Serialized files (Serialized files now loaded: 0)
System memory in use before: 96.0 MB.
System memory in use after: 96.1 MB.

Unloading 8 unused Assets to reduce memory usage. Loaded Objects now: 2642.
Total: 1.680100 ms (FindLiveObjects: 0.174000 ms CreateObjectMapping: 0.060100 ms MarkObjects: 1.431400 ms  DeleteObjects: 0.013700 ms)

========================================================================
Received Prepare
Registering precompiled user dll's ...
Registered in 0.000855 seconds.
Begin MonoManager ReloadAssembly
Native extension for WindowsStandalone target not found
Refreshing native plugins compatible for Editor in 0.41 ms, found 1 plugins.
Preloading 0 native plugins for Editor in 0.00 ms.
Mono: successfully reloaded assembly
- Completed reload, in  0.689 seconds
Platform modules already initialized, skipping
Refreshing native plugins compatible for Editor in 0.39 ms, found 1 plugins.
Preloading 0 native plugins for Editor in 0.00 ms.
Unloading 1946 Unused Serialized files (Serialized files now loaded: 0)
System memory in use before: 96.0 MB.
System memory in use after: 96.1 MB.

Unloading 8 unused Assets to reduce memory usage. Loaded Objects now: 2646.
Total: 1.737200 ms (FindLiveObjects: 0.154500 ms CreateObjectMapping: 0.051100 ms MarkObjects: 1.517700 ms  DeleteObjects: 0.013000 ms)

========================================================================
Received Prepare
Registering precompiled user dll's ...
Registered in 0.000870 seconds.
Begin MonoManager ReloadAssembly
Native extension for WindowsStandalone target not found
Refreshing native plugins compatible for Editor in 0.40 ms, found 1 plugins.
Preloading 0 native plugins for Editor in 0.00 ms.
Mono: successfully reloaded assembly
- Completed reload, in  0.712 seconds
Platform modules already initialized, skipping
Refreshing native plugins compatible for Editor in 0.49 ms, found 1 plugins.
Preloading 0 native plugins for Editor in 0.00 ms.
Unloading 1947 Unused Serialized files (Serialized files now loaded: 0)
System memory in use before: 96.0 MB.
System memory in use after: 96.1 MB.

Unloading 8 unused Assets to reduce memory usage. Loaded Objects now: 2651.
Total: 1.798700 ms (FindLiveObjects: 0.179000 ms CreateObjectMapping: 0.077500 ms MarkObjects: 1.527400 ms  DeleteObjects: 0.013900 ms)

========================================================================
Received Import Request.
  Time since last request: 1434.999923 seconds.
  path: Assets/Scripts/ToolsCharacterController.cs
  artifactKey: Guid(057bd646c4c833d4cbbcd4c2391434fb) Importer(815301076,1909f56bfc062723c751e8b465ee728b)
Start importing Assets/Scripts/ToolsCharacterController.cs using Guid(057bd646c4c833d4cbbcd4c2391434fb) Importer(815301076,1909f56bfc062723c751e8b465ee728b)  -> (artifact id: '0611e1239696d4a28b9b9ea58df7ada2') in 0.007259 seconds
  Import took 0.009963 seconds .

========================================================================
Received Prepare
Registering precompiled user dll's ...
Registered in 0.000853 seconds.
Begin MonoManager ReloadAssembly
Native extension for WindowsStandalone target not found
Refreshing native plugins compatible for Editor in 0.41 ms, found 1 plugins.
Preloading 0 native plugins for Editor in 0.00 ms.
Mono: successfully reloaded assembly
- Completed reload, in  0.713 seconds
Platform modules already initialized, skipping
Refreshing native plugins compatible for Editor in 0.39 ms, found 1 plugins.
Preloading 0 native plugins for Editor in 0.00 ms.
Unloading 1947 Unused Serialized files (Serialized files now loaded: 0)
System memory in use before: 96.0 MB.
System memory in use after: 96.1 MB.

Unloading 8 unused Assets to reduce memory usage. Loaded Objects now: 2655.
Total: 1.775700 ms (FindLiveObjects: 0.198000 ms CreateObjectMapping: 0.066000 ms MarkObjects: 1.497600 ms  DeleteObjects: 0.013300 ms)

========================================================================
Received Prepare
Registering precompiled user dll's ...
Registered in 0.001046 seconds.
Begin MonoManager ReloadAssembly
Native extension for WindowsStandalone target not found
Refreshing native plugins compatible for Editor in 0.47 ms, found 1 plugins.
Preloading 0 native plugins for Editor in 0.00 ms.
Mono: successfully reloaded assembly
- Completed reload, in  0.709 seconds
Platform modules already initialized, skipping
Refreshing native plugins compatible for Editor in 0.42 ms, found 1 plugins.
Preloading 0 native plugins for Editor in 0.00 ms.
Unloading 1947 Unused Serialized files (Serialized files now loaded: 0)
System memory in use before: 96.0 MB.
System memory in use after: 96.1 MB.

Unloading 8 unused Assets to reduce memory usage. Loaded Objects now: 2659.
Total: 1.708800 ms (FindLiveObjects: 0.154700 ms CreateObjectMapping: 0.048900 ms MarkObjects: 1.491300 ms  DeleteObjects: 0.013200 ms)

========================================================================
Received Import Request.
  Time since last request: 771.991547 seconds.
  path: Assets/Scripts/ToolsCharacterController.cs
  artifactKey: Guid(057bd646c4c833d4cbbcd4c2391434fb) Importer(815301076,1909f56bfc062723c751e8b465ee728b)
Start importing Assets/Scripts/ToolsCharacterController.cs using Guid(057bd646c4c833d4cbbcd4c2391434fb) Importer(815301076,1909f56bfc062723c751e8b465ee728b)  -> (artifact id: '1fee2f2f68927cd1f4999b07a3371bde') in 0.007263 seconds
  Import took 0.009778 seconds .

========================================================================
Received Prepare
Registering precompiled user dll's ...
Registered in 0.000916 seconds.
Begin MonoManager ReloadAssembly
Native extension for WindowsStandalone target not found
Refreshing native plugins compatible for Editor in 0.40 ms, found 1 plugins.
Preloading 0 native plugins for Editor in 0.00 ms.
Mono: successfully reloaded assembly
- Completed reload, in  0.684 seconds
Platform modules already initialized, skipping
Refreshing native plugins compatible for Editor in 0.40 ms, found 1 plugins.
Preloading 0 native plugins for Editor in 0.00 ms.
Unloading 1947 Unused Serialized files (Serialized files now loaded: 0)
System memory in use before: 96.0 MB.
System memory in use after: 96.1 MB.

Unloading 8 unused Assets to reduce memory usage. Loaded Objects now: 2663.
Total: 1.715300 ms (FindLiveObjects: 0.172700 ms CreateObjectMapping: 0.058800 ms MarkObjects: 1.470600 ms  DeleteObjects: 0.012500 ms)

========================================================================
Received Prepare
Registering precompiled user dll's ...
Registered in 0.000860 seconds.
Begin MonoManager ReloadAssembly
Native extension for WindowsStandalone target not found
Refreshing native plugins compatible for Editor in 0.41 ms, found 1 plugins.
Preloading 0 native plugins for Editor in 0.00 ms.
Mono: successfully reloaded assembly
- Completed reload, in  0.676 seconds
Platform modules already initialized, skipping
Refreshing native plugins compatible for Editor in 0.42 ms, found 1 plugins.
Preloading 0 native plugins for Editor in 0.00 ms.
Unloading 1947 Unused Serialized files (Serialized files now loaded: 0)
System memory in use before: 96.0 MB.
System memory in use after: 96.1 MB.

Unloading 8 unused Assets to reduce memory usage. Loaded Objects now: 2667.
Total: 1.738100 ms (FindLiveObjects: 0.172200 ms CreateObjectMapping: 0.057600 ms MarkObjects: 1.494000 ms  DeleteObjects: 0.013500 ms)

========================================================================
Received Prepare
Registering precompiled user dll's ...
Registered in 0.000743 seconds.
Begin MonoManager ReloadAssembly
Native extension for WindowsStandalone target not found
Refreshing native plugins compatible for Editor in 0.41 ms, found 1 plugins.
Preloading 0 native plugins for Editor in 0.00 ms.
Mono: successfully reloaded assembly
- Completed reload, in  0.688 seconds
Platform modules already initialized, skipping
Refreshing native plugins compatible for Editor in 0.38 ms, found 1 plugins.
Preloading 0 native plugins for Editor in 0.00 ms.
Unloading 1947 Unused Serialized files (Serialized files now loaded: 0)
System memory in use before: 96.1 MB.
System memory in use after: 96.3 MB.

Unloading 8 unused Assets to reduce memory usage. Loaded Objects now: 2671.
Total: 1.743700 ms (FindLiveObjects: 0.179800 ms CreateObjectMapping: 0.055700 ms MarkObjects: 1.493800 ms  DeleteObjects: 0.013500 ms)

========================================================================
Received Prepare
Registering precompiled user dll's ...
Registered in 0.000773 seconds.
Begin MonoManager ReloadAssembly
Native extension for WindowsStandalone target not found
Refreshing native plugins compatible for Editor in 0.41 ms, found 1 plugins.
Preloading 0 native plugins for Editor in 0.00 ms.
Mono: successfully reloaded assembly
- Completed reload, in  0.670 seconds
Platform modules already initialized, skipping
Refreshing native plugins compatible for Editor in 0.40 ms, found 1 plugins.
Preloading 0 native plugins for Editor in 0.00 ms.
Unloading 1947 Unused Serialized files (Serialized files now loaded: 0)
System memory in use before: 96.0 MB.
System memory in use after: 96.2 MB.

Unloading 8 unused Assets to reduce memory usage. Loaded Objects now: 2675.
Total: 1.999400 ms (FindLiveObjects: 0.167500 ms CreateObjectMapping: 0.056800 ms MarkObjects: 1.760200 ms  DeleteObjects: 0.014000 ms)

========================================================================
Received Prepare
Registering precompiled user dll's ...
Registered in 0.000826 seconds.
Begin MonoManager ReloadAssembly
Native extension for WindowsStandalone target not found
Refreshing native plugins compatible for Editor in 0.40 ms, found 1 plugins.
Preloading 0 native plugins for Editor in 0.00 ms.
Mono: successfully reloaded assembly
- Completed reload, in  0.686 seconds
Platform modules already initialized, skipping
Refreshing native plugins compatible for Editor in 0.39 ms, found 1 plugins.
Preloading 0 native plugins for Editor in 0.00 ms.
Unloading 1947 Unused Serialized files (Serialized files now loaded: 0)
System memory in use before: 96.1 MB.
System memory in use after: 96.2 MB.

Unloading 8 unused Assets to reduce memory usage. Loaded Objects now: 2679.
Total: 1.707000 ms (FindLiveObjects: 0.214100 ms CreateObjectMapping: 0.073000 ms MarkObjects: 1.405700 ms  DeleteObjects: 0.013200 ms)

========================================================================
Received Prepare
Registering precompiled user dll's ...
Registered in 0.000767 seconds.
Begin MonoManager ReloadAssembly
Native extension for WindowsStandalone target not found
Refreshing native plugins compatible for Editor in 0.40 ms, found 1 plugins.
Preloading 0 native plugins for Editor in 0.00 ms.
Mono: successfully reloaded assembly
- Completed reload, in  0.673 seconds
Platform modules already initialized, skipping
Refreshing native plugins compatible for Editor in 0.40 ms, found 1 plugins.
Preloading 0 native plugins for Editor in 0.00 ms.
Unloading 1947 Unused Serialized files (Serialized files now loaded: 0)
System memory in use before: 96.1 MB.
System memory in use after: 96.2 MB.

Unloading 8 unused Assets to reduce memory usage. Loaded Objects now: 2683.
Total: 1.622500 ms (FindLiveObjects: 0.174900 ms CreateObjectMapping: 0.056000 ms MarkObjects: 1.377600 ms  DeleteObjects: 0.013100 ms)

========================================================================
Received Prepare
Registering precompiled user dll's ...
Registered in 0.000754 seconds.
Begin MonoManager ReloadAssembly
Native extension for WindowsStandalone target not found
Refreshing native plugins compatible for Editor in 0.41 ms, found 1 plugins.
Preloading 0 native plugins for Editor in 0.00 ms.
Mono: successfully reloaded assembly
- Completed reload, in  0.697 seconds
Platform modules already initialized, skipping
Refreshing native plugins compatible for Editor in 0.39 ms, found 1 plugins.
Preloading 0 native plugins for Editor in 0.00 ms.
Unloading 1947 Unused Serialized files (Serialized files now loaded: 0)
System memory in use before: 96.1 MB.
System memory in use after: 96.2 MB.

Unloading 8 unused Assets to reduce memory usage. Loaded Objects now: 2687.
Total: 1.683800 ms (FindLiveObjects: 0.178100 ms CreateObjectMapping: 0.060200 ms MarkObjects: 1.431500 ms  DeleteObjects: 0.013000 ms)

========================================================================
Received Prepare
Registering precompiled user dll's ...
Registered in 0.000753 seconds.
Begin MonoManager ReloadAssembly
Native extension for WindowsStandalone target not found
Refreshing native plugins compatible for Editor in 0.42 ms, found 1 plugins.
Preloading 0 native plugins for Editor in 0.00 ms.
Mono: successfully reloaded assembly
- Completed reload, in  0.692 seconds
Platform modules already initialized, skipping
Refreshing native plugins compatible for Editor in 0.35 ms, found 1 plugins.
Preloading 0 native plugins for Editor in 0.00 ms.
Unloading 1947 Unused Serialized files (Serialized files now loaded: 0)
System memory in use before: 96.1 MB.
System memory in use after: 96.2 MB.

Unloading 8 unused Assets to reduce memory usage. Loaded Objects now: 2691.
Total: 1.653600 ms (FindLiveObjects: 0.174800 ms CreateObjectMapping: 0.063200 ms MarkObjects: 1.402500 ms  DeleteObjects: 0.012400 ms)

========================================================================
Received Prepare
Registering precompiled user dll's ...
Registered in 0.000859 seconds.
Begin MonoManager ReloadAssembly
Native extension for WindowsStandalone target not found
Refreshing native plugins compatible for Editor in 0.40 ms, found 1 plugins.
Preloading 0 native plugins for Editor in 0.00 ms.
Mono: successfully reloaded assembly
- Completed reload, in  0.680 seconds
Platform modules already initialized, skipping
Refreshing native plugins compatible for Editor in 0.49 ms, found 1 plugins.
Preloading 0 native plugins for Editor in 0.00 ms.
Unloading 1947 Unused Serialized files (Serialized files now loaded: 0)
System memory in use before: 96.2 MB.
System memory in use after: 96.3 MB.

Unloading 8 unused Assets to reduce memory usage. Loaded Objects now: 2695.
Total: 1.683500 ms (FindLiveObjects: 0.200800 ms CreateObjectMapping: 0.062300 ms MarkObjects: 1.406800 ms  DeleteObjects: 0.012800 ms)

========================================================================
Received Import Request.
  Time since last request: 509.288804 seconds.
  path: Assets/Sprites/Overworld.png
  artifactKey: Guid(313b2b7c8dd75f545a97e21fd25f4f54) Importer(815301076,1909f56bfc062723c751e8b465ee728b)
Start importing Assets/Sprites/Overworld.png using Guid(313b2b7c8dd75f545a97e21fd25f4f54) Importer(815301076,1909f56bfc062723c751e8b465ee728b)  -> (artifact id: 'de8e6c43d2ac5b4682d8df8b8cf1ca18') in 0.052658 seconds
  Import took 0.056426 seconds .

========================================================================
Received Import Request.
  Time since last request: 107.846123 seconds.
  path: Assets/Sprites/objects.png
  artifactKey: Guid(ee18757aa08bc13459287f4722422110) Importer(815301076,1909f56bfc062723c751e8b465ee728b)
Start importing Assets/Sprites/objects.png using Guid(ee18757aa08bc13459287f4722422110) Importer(815301076,1909f56bfc062723c751e8b465ee728b)  -> (artifact id: 'e1d0ece2275ca56c0d0f5bbd8272f46f') in 0.014871 seconds
  Import took 0.018323 seconds .

========================================================================
Received Import Request.
  Time since last request: 176.230756 seconds.
  path: Assets/Sprites/objects.png
  artifactKey: Guid(ee18757aa08bc13459287f4722422110) Importer(815301076,1909f56bfc062723c751e8b465ee728b)
Start importing Assets/Sprites/objects.png using Guid(ee18757aa08bc13459287f4722422110) Importer(815301076,1909f56bfc062723c751e8b465ee728b)  -> (artifact id: 'ae7982fde22ec4cfdb384c1f275666ae') in 0.132261 seconds
  Import took 0.135626 seconds .

========================================================================
Received Import Request.
  Time since last request: 79.065241 seconds.
  path: Assets/Sprites/Overworld.png
  artifactKey: Guid(313b2b7c8dd75f545a97e21fd25f4f54) Importer(815301076,1909f56bfc062723c751e8b465ee728b)
Start importing Assets/Sprites/Overworld.png using Guid(313b2b7c8dd75f545a97e21fd25f4f54) Importer(815301076,1909f56bfc062723c751e8b465ee728b)  -> (artifact id: '5c605217e65b2e27dd9fa6889f91ecbb') in 1.146828 seconds
  Import took 1.153327 seconds .

========================================================================
Received Prepare
Registering precompiled user dll's ...
Registered in 0.000893 seconds.
Begin MonoManager ReloadAssembly
Native extension for WindowsStandalone target not found
Refreshing native plugins compatible for Editor in 0.41 ms, found 1 plugins.
Preloading 0 native plugins for Editor in 0.00 ms.
Mono: successfully reloaded assembly
- Completed reload, in  0.701 seconds
Platform modules already initialized, skipping
Refreshing native plugins compatible for Editor in 0.41 ms, found 1 plugins.
Preloading 0 native plugins for Editor in 0.00 ms.
Unloading 1948 Unused Serialized files (Serialized files now loaded: 0)
System memory in use before: 96.2 MB.
System memory in use after: 96.3 MB.

Unloading 8 unused Assets to reduce memory usage. Loaded Objects now: 2713.
Total: 1.911300 ms (FindLiveObjects: 0.177200 ms CreateObjectMapping: 0.055700 ms MarkObjects: 1.663800 ms  DeleteObjects: 0.013900 ms)

========================================================================
Received Prepare
Registering precompiled user dll's ...
Registered in 0.000859 seconds.
Begin MonoManager ReloadAssembly
Native extension for WindowsStandalone target not found
Refreshing native plugins compatible for Editor in 0.42 ms, found 1 plugins.
Preloading 0 native plugins for Editor in 0.00 ms.
Mono: successfully reloaded assembly
- Completed reload, in  0.710 seconds
Platform modules already initialized, skipping
Refreshing native plugins compatible for Editor in 0.40 ms, found 1 plugins.
Preloading 0 native plugins for Editor in 0.00 ms.
Unloading 1948 Unused Serialized files (Serialized files now loaded: 0)
System memory in use before: 96.3 MB.
System memory in use after: 96.4 MB.

Unloading 8 unused Assets to reduce memory usage. Loaded Objects now: 2717.
Total: 2.024900 ms (FindLiveObjects: 0.237300 ms CreateObjectMapping: 0.064300 ms MarkObjects: 1.705300 ms  DeleteObjects: 0.017200 ms)

========================================================================
Received Import Request.
  Time since last request: 415.764733 seconds.
  path: Assets/Scripts/GameManager.cs
  artifactKey: Guid(70cffd814253b9e49b4beb2fb50195b4) Importer(815301076,1909f56bfc062723c751e8b465ee728b)
Start importing Assets/Scripts/GameManager.cs using Guid(70cffd814253b9e49b4beb2fb50195b4) Importer(815301076,1909f56bfc062723c751e8b465ee728b)  -> (artifact id: 'eb3680b39cad15d55c3fff34e958cc2c') in 0.008458 seconds
  Import took 0.011601 seconds .

========================================================================
Received Prepare
Registering precompiled user dll's ...
Registered in 0.000868 seconds.
Begin MonoManager ReloadAssembly
Native extension for WindowsStandalone target not found
Refreshing native plugins compatible for Editor in 0.40 ms, found 1 plugins.
Preloading 0 native plugins for Editor in 0.00 ms.
Mono: successfully reloaded assembly
- Completed reload, in  0.716 seconds
Platform modules already initialized, skipping
Refreshing native plugins compatible for Editor in 0.40 ms, found 1 plugins.
Preloading 0 native plugins for Editor in 0.00 ms.
Unloading 1949 Unused Serialized files (Serialized files now loaded: 0)
System memory in use before: 96.3 MB.
System memory in use after: 96.4 MB.

Unloading 8 unused Assets to reduce memory usage. Loaded Objects now: 2722.
Total: 1.748000 ms (FindLiveObjects: 0.182600 ms CreateObjectMapping: 0.054600 ms MarkObjects: 1.497500 ms  DeleteObjects: 0.012100 ms)

========================================================================
Received Import Request.
  Time since last request: 12.914794 seconds.
  path: Assets/Scripts/PickUpItem.cs
  artifactKey: Guid(b1c30b05fbb8e73488f5408dc1b2d14c) Importer(815301076,1909f56bfc062723c751e8b465ee728b)
Start importing Assets/Scripts/PickUpItem.cs using Guid(b1c30b05fbb8e73488f5408dc1b2d14c) Importer(815301076,1909f56bfc062723c751e8b465ee728b)  -> (artifact id: 'a65a17a82f33790a502d983a19f93375') in 0.007531 seconds
  Import took 0.010357 seconds .

========================================================================
Received Prepare
Registering precompiled user dll's ...
Registered in 0.000853 seconds.
Begin MonoManager ReloadAssembly
Native extension for WindowsStandalone target not found
Refreshing native plugins compatible for Editor in 0.47 ms, found 1 plugins.
Preloading 0 native plugins for Editor in 0.00 ms.
Mono: successfully reloaded assembly
- Completed reload, in  0.710 seconds
Platform modules already initialized, skipping
Refreshing native plugins compatible for Editor in 0.41 ms, found 1 plugins.
Preloading 0 native plugins for Editor in 0.00 ms.
Unloading 1949 Unused Serialized files (Serialized files now loaded: 0)
System memory in use before: 96.3 MB.
System memory in use after: 96.4 MB.

Unloading 8 unused Assets to reduce memory usage. Loaded Objects now: 2726.
Total: 1.775700 ms (FindLiveObjects: 0.194900 ms CreateObjectMapping: 0.059000 ms MarkObjects: 1.507900 ms  DeleteObjects: 0.013000 ms)

========================================================================
Received Prepare
Registering precompiled user dll's ...
Registered in 0.000951 seconds.
Begin MonoManager ReloadAssembly
Native extension for WindowsStandalone target not found
Refreshing native plugins compatible for Editor in 0.42 ms, found 1 plugins.
Preloading 0 native plugins for Editor in 0.00 ms.
Mono: successfully reloaded assembly
- Completed reload, in  0.756 seconds
Platform modules already initialized, skipping
Refreshing native plugins compatible for Editor in 0.40 ms, found 1 plugins.
Preloading 0 native plugins for Editor in 0.00 ms.
Unloading 1949 Unused Serialized files (Serialized files now loaded: 0)
System memory in use before: 96.3 MB.
System memory in use after: 96.5 MB.

Unloading 8 unused Assets to reduce memory usage. Loaded Objects now: 2730.
Total: 2.132800 ms (FindLiveObjects: 0.255000 ms CreateObjectMapping: 0.082900 ms MarkObjects: 1.776500 ms  DeleteObjects: 0.016900 ms)

========================================================================
Received Prepare
Registering precompiled user dll's ...
Registered in 0.000861 seconds.
Begin MonoManager ReloadAssembly
Native extension for WindowsStandalone target not found
Refreshing native plugins compatible for Editor in 0.42 ms, found 1 plugins.
Preloading 0 native plugins for Editor in 0.00 ms.
Mono: successfully reloaded assembly
- Completed reload, in  0.705 seconds
Platform modules already initialized, skipping
Refreshing native plugins compatible for Editor in 0.67 ms, found 1 plugins.
Preloading 0 native plugins for Editor in 0.00 ms.
Unloading 1949 Unused Serialized files (Serialized files now loaded: 0)
System memory in use before: 96.3 MB.
System memory in use after: 96.5 MB.

Unloading 8 unused Assets to reduce memory usage. Loaded Objects now: 2734.
Total: 2.258600 ms (FindLiveObjects: 0.215600 ms CreateObjectMapping: 0.075500 ms MarkObjects: 1.947400 ms  DeleteObjects: 0.019000 ms)

========================================================================
Received Prepare
Registering precompiled user dll's ...
Registered in 0.001024 seconds.
Begin MonoManager ReloadAssembly
Native extension for WindowsStandalone target not found
Refreshing native plugins compatible for Editor in 0.42 ms, found 1 plugins.
Preloading 0 native plugins for Editor in 0.00 ms.
Mono: successfully reloaded assembly
- Completed reload, in  0.722 seconds
Platform modules already initialized, skipping
Refreshing native plugins compatible for Editor in 0.41 ms, found 1 plugins.
Preloading 0 native plugins for Editor in 0.00 ms.
Unloading 1949 Unused Serialized files (Serialized files now loaded: 0)
System memory in use before: 96.3 MB.
System memory in use after: 96.6 MB.

Unloading 8 unused Assets to reduce memory usage. Loaded Objects now: 2738.
Total: 1.694800 ms (FindLiveObjects: 0.189900 ms CreateObjectMapping: 0.068100 ms MarkObjects: 1.424300 ms  DeleteObjects: 0.011600 ms)

========================================================================
Received Prepare
Registering precompiled user dll's ...
Registered in 0.000798 seconds.
Begin MonoManager ReloadAssembly
Native extension for WindowsStandalone target not found
Refreshing native plugins compatible for Editor in 0.40 ms, found 1 plugins.
Preloading 0 native plugins for Editor in 0.00 ms.
Mono: successfully reloaded assembly
- Completed reload, in  0.691 seconds
Platform modules already initialized, skipping
Refreshing native plugins compatible for Editor in 0.39 ms, found 1 plugins.
Preloading 0 native plugins for Editor in 0.00 ms.
Unloading 1949 Unused Serialized files (Serialized files now loaded: 0)
System memory in use before: 96.3 MB.
System memory in use after: 96.6 MB.

Unloading 8 unused Assets to reduce memory usage. Loaded Objects now: 2742.
Total: 1.929900 ms (FindLiveObjects: 0.176700 ms CreateObjectMapping: 0.063300 ms MarkObjects: 1.676400 ms  DeleteObjects: 0.012600 ms)

========================================================================
Received Prepare
Registering precompiled user dll's ...
Registered in 0.000914 seconds.
Begin MonoManager ReloadAssembly
Native extension for WindowsStandalone target not found
Refreshing native plugins compatible for Editor in 0.40 ms, found 1 plugins.
Preloading 0 native plugins for Editor in 0.00 ms.
Mono: successfully reloaded assembly
- Completed reload, in  0.770 seconds
Platform modules already initialized, skipping
Refreshing native plugins compatible for Editor in 0.44 ms, found 1 plugins.
Preloading 0 native plugins for Editor in 0.00 ms.
Unloading 1949 Unused Serialized files (Serialized files now loaded: 0)
System memory in use before: 96.3 MB.
System memory in use after: 96.6 MB.

Unloading 8 unused Assets to reduce memory usage. Loaded Objects now: 2746.
Total: 2.552800 ms (FindLiveObjects: 0.333700 ms CreateObjectMapping: 0.133400 ms MarkObjects: 2.069800 ms  DeleteObjects: 0.014800 ms)

========================================================================
Received Prepare
Registering precompiled user dll's ...
Registered in 0.000935 seconds.
Begin MonoManager ReloadAssembly
Native extension for WindowsStandalone target not found
Refreshing native plugins compatible for Editor in 0.42 ms, found 1 plugins.
Preloading 0 native plugins for Editor in 0.00 ms.
Mono: successfully reloaded assembly
- Completed reload, in  0.787 seconds
Platform modules already initialized, skipping
Refreshing native plugins compatible for Editor in 0.48 ms, found 1 plugins.
Preloading 0 native plugins for Editor in 0.00 ms.
Unloading 1949 Unused Serialized files (Serialized files now loaded: 0)
System memory in use before: 96.4 MB.
System memory in use after: 96.6 MB.

Unloading 8 unused Assets to reduce memory usage. Loaded Objects now: 2750.
Total: 1.956900 ms (FindLiveObjects: 0.259900 ms CreateObjectMapping: 0.087900 ms MarkObjects: 1.594300 ms  DeleteObjects: 0.013900 ms)

========================================================================
Received Prepare
Registering precompiled user dll's ...
Registered in 0.000924 seconds.
Begin MonoManager ReloadAssembly
Native extension for WindowsStandalone target not found
Refreshing native plugins compatible for Editor in 0.42 ms, found 1 plugins.
Preloading 0 native plugins for Editor in 0.00 ms.
Mono: successfully reloaded assembly
- Completed reload, in  0.818 seconds
Platform modules already initialized, skipping
Refreshing native plugins compatible for Editor in 0.45 ms, found 1 plugins.
Preloading 0 native plugins for Editor in 0.00 ms.
Unloading 1949 Unused Serialized files (Serialized files now loaded: 0)
System memory in use before: 96.4 MB.
System memory in use after: 96.6 MB.

Unloading 8 unused Assets to reduce memory usage. Loaded Objects now: 2754.
Total: 2.073800 ms (FindLiveObjects: 0.239700 ms CreateObjectMapping: 0.087700 ms MarkObjects: 1.731600 ms  DeleteObjects: 0.013900 ms)

========================================================================
Received Prepare
Registering precompiled user dll's ...
Registered in 0.000827 seconds.
Begin MonoManager ReloadAssembly
Native extension for WindowsStandalone target not found
Refreshing native plugins compatible for Editor in 0.40 ms, found 1 plugins.
Preloading 0 native plugins for Editor in 0.00 ms.
Mono: successfully reloaded assembly
- Completed reload, in  0.675 seconds
Platform modules already initialized, skipping
Refreshing native plugins compatible for Editor in 0.38 ms, found 1 plugins.
Preloading 0 native plugins for Editor in 0.00 ms.
Unloading 1949 Unused Serialized files (Serialized files now loaded: 0)
System memory in use before: 96.4 MB.
System memory in use after: 96.6 MB.

Unloading 8 unused Assets to reduce memory usage. Loaded Objects now: 2758.
Total: 1.780500 ms (FindLiveObjects: 0.185000 ms CreateObjectMapping: 0.060100 ms MarkObjects: 1.521800 ms  DeleteObjects: 0.012900 ms)

========================================================================
Received Prepare
Registering precompiled user dll's ...
Registered in 0.000787 seconds.
Begin MonoManager ReloadAssembly
Native extension for WindowsStandalone target not found
Refreshing native plugins compatible for Editor in 0.42 ms, found 1 plugins.
Preloading 0 native plugins for Editor in 0.00 ms.
Mono: successfully reloaded assembly
- Completed reload, in  0.688 seconds
Platform modules already initialized, skipping
Refreshing native plugins compatible for Editor in 0.39 ms, found 1 plugins.
Preloading 0 native plugins for Editor in 0.00 ms.
Unloading 1949 Unused Serialized files (Serialized files now loaded: 0)
System memory in use before: 96.4 MB.
System memory in use after: 96.6 MB.

Unloading 8 unused Assets to reduce memory usage. Loaded Objects now: 2762.
Total: 1.669900 ms (FindLiveObjects: 0.184800 ms CreateObjectMapping: 0.061800 ms MarkObjects: 1.410800 ms  DeleteObjects: 0.011600 ms)

========================================================================
Received Import Request.
  Time since last request: 501.338844 seconds.
  path: Assets/Scenes/TreeLog.prefab
  artifactKey: Guid(ab648228949f8fa4392b6c5a5807c7a7) Importer(815301076,1909f56bfc062723c751e8b465ee728b)
Start importing Assets/Scenes/TreeLog.prefab using Guid(ab648228949f8fa4392b6c5a5807c7a7) Importer(815301076,1909f56bfc062723c751e8b465ee728b)  -> (artifact id: 'f7d0c58d1f6a5be4d534b3cd1a4ccdd0') in 0.052314 seconds
  Import took 0.055079 seconds .

========================================================================
Received Import Request.
  Time since last request: 12.140605 seconds.
  path: Assets/Prefabs
  artifactKey: Guid(9ebde57236ba90940bcb7f662a9e1f48) Importer(815301076,1909f56bfc062723c751e8b465ee728b)
Start importing Assets/Prefabs using Guid(9ebde57236ba90940bcb7f662a9e1f48) Importer(815301076,1909f56bfc062723c751e8b465ee728b)  -> (artifact id: '47dd3369807c01f458c7cd087802a012') in 0.005377 seconds
  Import took 0.008016 seconds .

========================================================================
Received Prepare
Registering precompiled user dll's ...
Registered in 0.000838 seconds.
Begin MonoManager ReloadAssembly
Native extension for WindowsStandalone target not found
Refreshing native plugins compatible for Editor in 0.41 ms, found 1 plugins.
Preloading 0 native plugins for Editor in 0.00 ms.
Mono: successfully reloaded assembly
- Completed reload, in  0.713 seconds
Platform modules already initialized, skipping
Refreshing native plugins compatible for Editor in 0.43 ms, found 1 plugins.
Preloading 0 native plugins for Editor in 0.00 ms.
Unloading 1949 Unused Serialized files (Serialized files now loaded: 0)
System memory in use before: 96.4 MB.
System memory in use after: 96.6 MB.

Unloading 8 unused Assets to reduce memory usage. Loaded Objects now: 2771.
Total: 1.749400 ms (FindLiveObjects: 0.190600 ms CreateObjectMapping: 0.086700 ms MarkObjects: 1.458600 ms  DeleteObjects: 0.012600 ms)

========================================================================
Received Prepare
Registering precompiled user dll's ...
Registered in 0.000732 seconds.
Begin MonoManager ReloadAssembly
Native extension for WindowsStandalone target not found
Refreshing native plugins compatible for Editor in 0.41 ms, found 1 plugins.
Preloading 0 native plugins for Editor in 0.00 ms.
Mono: successfully reloaded assembly
- Completed reload, in  0.681 seconds
Platform modules already initialized, skipping
Refreshing native plugins compatible for Editor in 0.42 ms, found 1 plugins.
Preloading 0 native plugins for Editor in 0.00 ms.
Unloading 1949 Unused Serialized files (Serialized files now loaded: 0)
System memory in use before: 96.4 MB.
System memory in use after: 96.7 MB.

Unloading 8 unused Assets to reduce memory usage. Loaded Objects now: 2775.
Total: 1.845300 ms (FindLiveObjects: 0.193900 ms CreateObjectMapping: 0.063200 ms MarkObjects: 1.573500 ms  DeleteObjects: 0.013700 ms)

========================================================================
Received Prepare
Registering precompiled user dll's ...
Registered in 0.000861 seconds.
Begin MonoManager ReloadAssembly
Native extension for WindowsStandalone target not found
Refreshing native plugins compatible for Editor in 0.41 ms, found 1 plugins.
Preloading 0 native plugins for Editor in 0.00 ms.
Mono: successfully reloaded assembly
- Completed reload, in  0.715 seconds
Platform modules already initialized, skipping
Refreshing native plugins compatible for Editor in 0.40 ms, found 1 plugins.
Preloading 0 native plugins for Editor in 0.00 ms.
Unloading 1949 Unused Serialized files (Serialized files now loaded: 0)
System memory in use before: 96.5 MB.
System memory in use after: 96.7 MB.

Unloading 8 unused Assets to reduce memory usage. Loaded Objects now: 2779.
Total: 1.846000 ms (FindLiveObjects: 0.202700 ms CreateObjectMapping: 0.069000 ms MarkObjects: 1.561300 ms  DeleteObjects: 0.012300 ms)

========================================================================
Received Prepare
Registering precompiled user dll's ...
Registered in 0.000795 seconds.
Begin MonoManager ReloadAssembly
Native extension for WindowsStandalone target not found
Refreshing native plugins compatible for Editor in 0.41 ms, found 1 plugins.
Preloading 0 native plugins for Editor in 0.00 ms.
Mono: successfully reloaded assembly
- Completed reload, in  0.700 seconds
Platform modules already initialized, skipping
Refreshing native plugins compatible for Editor in 0.37 ms, found 1 plugins.
Preloading 0 native plugins for Editor in 0.00 ms.
Unloading 1949 Unused Serialized files (Serialized files now loaded: 0)
System memory in use before: 96.5 MB.
System memory in use after: 96.7 MB.

Unloading 8 unused Assets to reduce memory usage. Loaded Objects now: 2783.
Total: 1.827700 ms (FindLiveObjects: 0.202300 ms CreateObjectMapping: 0.066200 ms MarkObjects: 1.545700 ms  DeleteObjects: 0.013000 ms)

========================================================================
Received Prepare
Registering precompiled user dll's ...
Registered in 0.000841 seconds.
Begin MonoManager ReloadAssembly
Native extension for WindowsStandalone target not found
Refreshing native plugins compatible for Editor in 0.40 ms, found 1 plugins.
Preloading 0 native plugins for Editor in 0.00 ms.
Mono: successfully reloaded assembly
- Completed reload, in  0.684 seconds
Platform modules already initialized, skipping
Refreshing native plugins compatible for Editor in 0.47 ms, found 1 plugins.
Preloading 0 native plugins for Editor in 0.00 ms.
Unloading 1949 Unused Serialized files (Serialized files now loaded: 0)
System memory in use before: 96.5 MB.
System memory in use after: 96.7 MB.

Unloading 8 unused Assets to reduce memory usage. Loaded Objects now: 2787.
Total: 1.740500 ms (FindLiveObjects: 0.197100 ms CreateObjectMapping: 0.064300 ms MarkObjects: 1.465600 ms  DeleteObjects: 0.012600 ms)

========================================================================
Received Prepare
Registering precompiled user dll's ...
Registered in 0.000803 seconds.
Begin MonoManager ReloadAssembly
Native extension for WindowsStandalone target not found
Refreshing native plugins compatible for Editor in 0.40 ms, found 1 plugins.
Preloading 0 native plugins for Editor in 0.00 ms.
Mono: successfully reloaded assembly
- Completed reload, in  0.677 seconds
Platform modules already initialized, skipping
Refreshing native plugins compatible for Editor in 0.53 ms, found 1 plugins.
Preloading 0 native plugins for Editor in 0.00 ms.
Unloading 1949 Unused Serialized files (Serialized files now loaded: 0)
System memory in use before: 96.5 MB.
System memory in use after: 96.7 MB.

Unloading 8 unused Assets to reduce memory usage. Loaded Objects now: 2791.
Total: 1.781100 ms (FindLiveObjects: 0.206300 ms CreateObjectMapping: 0.072300 ms MarkObjects: 1.489100 ms  DeleteObjects: 0.012600 ms)

========================================================================
Received Prepare
Registering precompiled user dll's ...
Registered in 0.000924 seconds.
Begin MonoManager ReloadAssembly
Native extension for WindowsStandalone target not found
Refreshing native plugins compatible for Editor in 0.46 ms, found 1 plugins.
Preloading 0 native plugins for Editor in 0.00 ms.
Mono: successfully reloaded assembly
- Completed reload, in  0.790 seconds
Platform modules already initialized, skipping
Refreshing native plugins compatible for Editor in 0.44 ms, found 1 plugins.
Preloading 0 native plugins for Editor in 0.00 ms.
Unloading 1949 Unused Serialized files (Serialized files now loaded: 0)
System memory in use before: 96.5 MB.
System memory in use after: 96.7 MB.

Unloading 8 unused Assets to reduce memory usage. Loaded Objects now: 2795.
Total: 2.188100 ms (FindLiveObjects: 0.219300 ms CreateObjectMapping: 0.073800 ms MarkObjects: 1.873400 ms  DeleteObjects: 0.020400 ms)

========================================================================
Received Prepare
Registering precompiled user dll's ...
Registered in 0.000932 seconds.
Begin MonoManager ReloadAssembly
Native extension for WindowsStandalone target not found
Refreshing native plugins compatible for Editor in 0.44 ms, found 1 plugins.
Preloading 0 native plugins for Editor in 0.00 ms.
Mono: successfully reloaded assembly
- Completed reload, in  0.802 seconds
Platform modules already initialized, skipping
Refreshing native plugins compatible for Editor in 0.58 ms, found 1 plugins.
Preloading 0 native plugins for Editor in 0.00 ms.
Unloading 1949 Unused Serialized files (Serialized files now loaded: 0)
System memory in use before: 96.5 MB.
System memory in use after: 96.7 MB.

Unloading 8 unused Assets to reduce memory usage. Loaded Objects now: 2799.
Total: 2.020300 ms (FindLiveObjects: 0.217600 ms CreateObjectMapping: 0.073700 ms MarkObjects: 1.715500 ms  DeleteObjects: 0.012700 ms)

========================================================================
Received Prepare
Registering precompiled user dll's ...
Registered in 0.001050 seconds.
Begin MonoManager ReloadAssembly
Native extension for WindowsStandalone target not found
Refreshing native plugins compatible for Editor in 0.44 ms, found 1 plugins.
Preloading 0 native plugins for Editor in 0.00 ms.
Mono: successfully reloaded assembly
- Completed reload, in  0.698 seconds
Platform modules already initialized, skipping
Refreshing native plugins compatible for Editor in 0.40 ms, found 1 plugins.
Preloading 0 native plugins for Editor in 0.00 ms.
Unloading 1949 Unused Serialized files (Serialized files now loaded: 0)
System memory in use before: 96.5 MB.
System memory in use after: 96.7 MB.

Unloading 8 unused Assets to reduce memory usage. Loaded Objects now: 2803.
Total: 1.744600 ms (FindLiveObjects: 0.212300 ms CreateObjectMapping: 0.073600 ms MarkObjects: 1.445800 ms  DeleteObjects: 0.012100 ms)

AssetImportWorkerClient::OnTransportError - code=2 error=End of file
