Using pre-set license
Built from '2020.3/staging' branch; Version is '2020.3.8f1 (507919d4fff5) revision 5273881'; Using compiler version '192528614'; Build Type 'Release'
OS: 'Windows 10 Education; OS build 19041.1165; Version 2004; 64bit' Language: 'ko' Physical Memory: 49085 MB
BatchMode: 1, IsHumanControllingUs: 0, StartBugReporterOnCrash: 0, Is64bit: 1, IsPro: 0

 COMMAND LINE ARGUMENTS:
D:\unity\Editor\2020.3.8f1\Editor\Unity.exe
-adb2
-batchMode
-noUpm
-name
AssetImportWorker0
-projectPath
D:/unity/MyStardewValley
-logFile
Logs/AssetImportWorker0.log
-srvPort
8509
Successfully changed project path to: D:/unity/MyStardewValley
D:/unity/MyStardewValley
Using Asset Import Pipeline V2.
Refreshing native plugins compatible for Editor in 50.62 ms, found 1 plugins.
Preloading 0 native plugins for Editor in 0.00 ms.
Initialize engine version: 2020.3.8f1 (507919d4fff5)
[Subsystems] Discovering subsystems at path D:/unity/Editor/2020.3.8f1/Editor/Data/Resources/UnitySubsystems
[Subsystems] Discovering subsystems at path D:/unity/MyStardewValley/Assets
GfxDevice: creating device client; threaded=0
Direct3D:
    Version:  Direct3D 11.0 [level 11.1]
    Renderer: NVIDIA GeForce GTX 1080 (ID=0x1b80)
    Vendor:   
    VRAM:     8079 MB
    Driver:   27.21.14.5671
Shader 'Universal Render Pipeline/Particles/Lit': fallback shader 'Universal Render Pipeline/Particles/SimpleLit' not found
Initialize mono
Mono path[0] = 'D:/unity/Editor/2020.3.8f1/Editor/Data/Managed'
Mono path[1] = 'D:/unity/Editor/2020.3.8f1/Editor/Data/MonoBleedingEdge/lib/mono/unityjit'
Mono config path = 'D:/unity/Editor/2020.3.8f1/Editor/Data/MonoBleedingEdge/etc'
Using monoOptions --debugger-agent=transport=dt_socket,embedding=1,server=y,suspend=n,address=127.0.0.1:56112
Begin MonoManager ReloadAssembly
Registering precompiled unity dll's ...
Register platform support module: D:/unity/Editor/2020.3.8f1/Editor/Data/PlaybackEngines/WindowsStandaloneSupport/UnityEditor.WindowsStandalone.Extensions.dll
Registered in 0.001011 seconds.
Native extension for WindowsStandalone target not found
Refreshing native plugins compatible for Editor in 53.97 ms, found 1 plugins.
Preloading 0 native plugins for Editor in 0.00 ms.
Mono: successfully reloaded assembly
- Completed reload, in  1.283 seconds
Platform modules already initialized, skipping
Registering precompiled user dll's ...
Registered in 0.001354 seconds.
Begin MonoManager ReloadAssembly
Native extension for WindowsStandalone target not found
Refreshing native plugins compatible for Editor in 56.13 ms, found 1 plugins.
Preloading 0 native plugins for Editor in 0.00 ms.
Mono: successfully reloaded assembly
- Completed reload, in  0.865 seconds
Platform modules already initialized, skipping
========================================================================
Worker process is ready to serve import requests
Shader 'Universal Render Pipeline/Particles/Lit': fallback shader 'Universal Render Pipeline/Particles/SimpleLit' not found
Launched and connected shader compiler UnityShaderCompiler.exe after 0.04 seconds
Refreshing native plugins compatible for Editor in 0.56 ms, found 1 plugins.
Preloading 0 native plugins for Editor in 0.00 ms.
Unloading 3112 Unused Serialized files (Serialized files now loaded: 0)
System memory in use before: 160.4 MB.
System memory in use after: 160.6 MB.

Unloading 21 unused Assets to reduce memory usage. Loaded Objects now: 3580.
Total: 2.099900 ms (FindLiveObjects: 0.253000 ms CreateObjectMapping: 0.117900 ms MarkObjects: 1.665100 ms  DeleteObjects: 0.062900 ms)

========================================================================
Received Import Request.
  path: Assets/Item.cs
  artifactKey: Guid(3b4bf426702f6314e869403d232c71fe) Importer(815301076,1909f56bfc062723c751e8b465ee728b)
Start importing Assets/Item.cs using Guid(3b4bf426702f6314e869403d232c71fe) Importer(815301076,1909f56bfc062723c751e8b465ee728b)  -> (artifact id: 'a257913fb01c1487748353f56607744b') in 0.046232 seconds
  Import took 0.050145 seconds .

========================================================================
Received Prepare
Registering precompiled user dll's ...
Registered in 0.001332 seconds.
Begin MonoManager ReloadAssembly
Native extension for WindowsStandalone target not found
Refreshing native plugins compatible for Editor in 0.57 ms, found 1 plugins.
Preloading 0 native plugins for Editor in 0.00 ms.
Mono: successfully reloaded assembly
- Completed reload, in  0.811 seconds
Platform modules already initialized, skipping
Shader 'Universal Render Pipeline/Particles/Lit': fallback shader 'Universal Render Pipeline/Particles/SimpleLit' not found
Refreshing native plugins compatible for Editor in 1.98 ms, found 1 plugins.
Preloading 0 native plugins for Editor in 0.00 ms.
Unloading 2996 Unused Serialized files (Serialized files now loaded: 0)
System memory in use before: 152.9 MB.
System memory in use after: 153.1 MB.

Unloading 9 unused Assets to reduce memory usage. Loaded Objects now: 3584.
Total: 2.354000 ms (FindLiveObjects: 0.323800 ms CreateObjectMapping: 0.175200 ms MarkObjects: 1.839200 ms  DeleteObjects: 0.015100 ms)

========================================================================
Received Prepare
Registering precompiled user dll's ...
Registered in 0.001378 seconds.
Begin MonoManager ReloadAssembly
Native extension for WindowsStandalone target not found
Refreshing native plugins compatible for Editor in 0.57 ms, found 1 plugins.
Preloading 0 native plugins for Editor in 0.00 ms.
Mono: successfully reloaded assembly
- Completed reload, in  0.770 seconds
Platform modules already initialized, skipping
Shader 'Universal Render Pipeline/Particles/Lit': fallback shader 'Universal Render Pipeline/Particles/SimpleLit' not found
Refreshing native plugins compatible for Editor in 0.67 ms, found 1 plugins.
Preloading 0 native plugins for Editor in 0.00 ms.
Unloading 2996 Unused Serialized files (Serialized files now loaded: 0)
System memory in use before: 153.0 MB.
System memory in use after: 153.2 MB.

Unloading 9 unused Assets to reduce memory usage. Loaded Objects now: 3588.
Total: 1.997700 ms (FindLiveObjects: 0.253100 ms CreateObjectMapping: 0.115500 ms MarkObjects: 1.611700 ms  DeleteObjects: 0.014900 ms)

========================================================================
Received Prepare
Registering precompiled user dll's ...
Registered in 0.001532 seconds.
Begin MonoManager ReloadAssembly
Native extension for WindowsStandalone target not found
Refreshing native plugins compatible for Editor in 0.65 ms, found 1 plugins.
Preloading 0 native plugins for Editor in 0.00 ms.
Mono: successfully reloaded assembly
- Completed reload, in  0.775 seconds
Platform modules already initialized, skipping
Shader 'Universal Render Pipeline/Particles/Lit': fallback shader 'Universal Render Pipeline/Particles/SimpleLit' not found
Refreshing native plugins compatible for Editor in 0.70 ms, found 1 plugins.
Preloading 0 native plugins for Editor in 0.00 ms.
Unloading 2996 Unused Serialized files (Serialized files now loaded: 0)
System memory in use before: 153.0 MB.
System memory in use after: 153.2 MB.

Unloading 9 unused Assets to reduce memory usage. Loaded Objects now: 3592.
Total: 2.085400 ms (FindLiveObjects: 0.232900 ms CreateObjectMapping: 0.102500 ms MarkObjects: 1.735600 ms  DeleteObjects: 0.013700 ms)

========================================================================
Received Import Request.
  Time since last request: 152.293519 seconds.
  path: Assets/Scripts/Item.cs
  artifactKey: Guid(3b4bf426702f6314e869403d232c71fe) Importer(815301076,1909f56bfc062723c751e8b465ee728b)
Start importing Assets/Scripts/Item.cs using Guid(3b4bf426702f6314e869403d232c71fe) Importer(815301076,1909f56bfc062723c751e8b465ee728b)  -> (artifact id: 'a2bcad2b796b07ca6f64821e2374ae27') in 0.007733 seconds
  Import took 0.011867 seconds .

========================================================================
Received Import Request.
  Time since last request: 36.468404 seconds.
  path: Assets/Prefabs/TreeLog.prefab
  artifactKey: Guid(ab648228949f8fa4392b6c5a5807c7a7) Importer(815301076,1909f56bfc062723c751e8b465ee728b)
Start importing Assets/Prefabs/TreeLog.prefab using Guid(ab648228949f8fa4392b6c5a5807c7a7) Importer(815301076,1909f56bfc062723c751e8b465ee728b)  -> (artifact id: '07d02ffe6fa1b9db82c29dacd7f4a31b') in 0.182787 seconds
  Import took 0.187326 seconds .

========================================================================
Received Import Request.
  Time since last request: 0.020104 seconds.
  path: Assets/Prefabs/TreeLog.prefab
  artifactKey: Guid(ab648228949f8fa4392b6c5a5807c7a7) Importer(815301076,1909f56bfc062723c751e8b465ee728b)
Start importing Assets/Prefabs/TreeLog.prefab using Guid(ab648228949f8fa4392b6c5a5807c7a7) Importer(815301076,1909f56bfc062723c751e8b465ee728b)  -> (artifact id: '07d02ffe6fa1b9db82c29dacd7f4a31b') in 0.013954 seconds
  Import took 0.018762 seconds .

========================================================================
Received Prepare
Registering precompiled user dll's ...
Registered in 0.001526 seconds.
Begin MonoManager ReloadAssembly
Native extension for WindowsStandalone target not found
Refreshing native plugins compatible for Editor in 0.59 ms, found 1 plugins.
Preloading 0 native plugins for Editor in 0.00 ms.
Mono: successfully reloaded assembly
- Completed reload, in  0.810 seconds
Platform modules already initialized, skipping
Shader 'Universal Render Pipeline/Particles/Lit': fallback shader 'Universal Render Pipeline/Particles/SimpleLit' not found
Refreshing native plugins compatible for Editor in 0.56 ms, found 1 plugins.
Preloading 0 native plugins for Editor in 0.00 ms.
Unloading 2996 Unused Serialized files (Serialized files now loaded: 0)
System memory in use before: 158.1 MB.
System memory in use after: 158.4 MB.

Unloading 9 unused Assets to reduce memory usage. Loaded Objects now: 3641.
Total: 2.121500 ms (FindLiveObjects: 0.245800 ms CreateObjectMapping: 0.120400 ms MarkObjects: 1.740600 ms  DeleteObjects: 0.014000 ms)

========================================================================
Received Import Request.
  Time since last request: 205.000958 seconds.
  path: Assets/Stone.asset
  artifactKey: Guid(c627e2621f3a14b4b8a194b925b7923c) Importer(815301076,1909f56bfc062723c751e8b465ee728b)
Start importing Assets/Stone.asset using Guid(c627e2621f3a14b4b8a194b925b7923c) Importer(815301076,1909f56bfc062723c751e8b465ee728b)  -> (artifact id: '2d106cb04d923ce07b8b2074e51175b5') in 0.019977 seconds
  Import took 0.024638 seconds .

========================================================================
Received Import Request.
  Time since last request: 6.969494 seconds.
  path: Assets/Wood.asset
  artifactKey: Guid(f596a84571b915e49820647c8d9f11c0) Importer(815301076,1909f56bfc062723c751e8b465ee728b)
Start importing Assets/Wood.asset using Guid(f596a84571b915e49820647c8d9f11c0) Importer(815301076,1909f56bfc062723c751e8b465ee728b)  -> (artifact id: '5e1c32a5a6d9f9c4d1b7cb4f34f64e68') in 0.005610 seconds
  Import took 0.010011 seconds .

========================================================================
Received Import Request.
  Time since last request: 0.009610 seconds.
  path: Assets/Wood.asset
  artifactKey: Guid(f596a84571b915e49820647c8d9f11c0) Importer(815301076,1909f56bfc062723c751e8b465ee728b)
Start importing Assets/Wood.asset using Guid(f596a84571b915e49820647c8d9f11c0) Importer(815301076,1909f56bfc062723c751e8b465ee728b)  -> (artifact id: '5e1c32a5a6d9f9c4d1b7cb4f34f64e68') in 0.005387 seconds
  Import took 0.009935 seconds .

========================================================================
Received Import Request.
  Time since last request: 8.467091 seconds.
  path: Assets/Sword.asset
  artifactKey: Guid(0313062f0d7fc3f42b70049de4947701) Importer(815301076,1909f56bfc062723c751e8b465ee728b)
Start importing Assets/Sword.asset using Guid(0313062f0d7fc3f42b70049de4947701) Importer(815301076,1909f56bfc062723c751e8b465ee728b)  -> (artifact id: '7e7af3be2807efacfbf077fca93ff71f') in 0.005760 seconds
  Import took 0.010163 seconds .

========================================================================
Received Import Request.
  Time since last request: 0.006609 seconds.
  path: Assets/Sword.asset
  artifactKey: Guid(0313062f0d7fc3f42b70049de4947701) Importer(815301076,1909f56bfc062723c751e8b465ee728b)
Start importing Assets/Sword.asset using Guid(0313062f0d7fc3f42b70049de4947701) Importer(815301076,1909f56bfc062723c751e8b465ee728b)  -> (artifact id: '7e7af3be2807efacfbf077fca93ff71f') in 0.005612 seconds
  Import took 0.010147 seconds .

========================================================================
Received Import Request.
  Time since last request: 232.437391 seconds.
  path: Assets/Sprites/496_RPG_icons (1)
  artifactKey: Guid(d0ae037bd0c11e64e9a9fe48ee7f30bc) Importer(815301076,1909f56bfc062723c751e8b465ee728b)
Start importing Assets/Sprites/496_RPG_icons (1) using Guid(d0ae037bd0c11e64e9a9fe48ee7f30bc) Importer(815301076,1909f56bfc062723c751e8b465ee728b)  -> (artifact id: '9a2b8616956b51b6240108daccb03e8b') in 0.006083 seconds
  Import took 0.011082 seconds .

========================================================================
Received Import Request.
  Time since last request: 15.019239 seconds.
  path: Assets/Sprites/RPG_icons
  artifactKey: Guid(d0ae037bd0c11e64e9a9fe48ee7f30bc) Importer(815301076,1909f56bfc062723c751e8b465ee728b)
Start importing Assets/Sprites/RPG_icons using Guid(d0ae037bd0c11e64e9a9fe48ee7f30bc) Importer(815301076,1909f56bfc062723c751e8b465ee728b)  -> (artifact id: 'bec5014a2fa4deddcfc3246af06e06b5') in 0.005380 seconds
  Import took 0.009998 seconds .

========================================================================
Received Import Request.
  Time since last request: 1126.464127 seconds.
  path: Assets/Sprites/chest2.png
  artifactKey: Guid(3a9ecc4a254bb944d89640ea136ffa94) Importer(815301076,1909f56bfc062723c751e8b465ee728b)
Start importing Assets/Sprites/chest2.png using Guid(3a9ecc4a254bb944d89640ea136ffa94) Importer(815301076,1909f56bfc062723c751e8b465ee728b)  -> (artifact id: 'aa3040b4aeededee69a4cb555c4eed09') in 0.447074 seconds
  Import took 0.452187 seconds .

========================================================================
Received Import Request.
  Time since last request: 0.000258 seconds.
  path: Assets/Prefabs/ChestObject.prefab
  artifactKey: Guid(ff7605162eb34624eba3d2b6aa1409c2) Importer(815301076,1909f56bfc062723c751e8b465ee728b)
Start importing Assets/Prefabs/ChestObject.prefab using Guid(ff7605162eb34624eba3d2b6aa1409c2) Importer(815301076,1909f56bfc062723c751e8b465ee728b)  -> (artifact id: '0c5fa41b8b2f1fe55c25b279f2795cd3') in 0.107892 seconds
  Import took 0.111736 seconds .

========================================================================
Received Import Request.
  Time since last request: 0.000239 seconds.
  path: Assets/Sprites/RPG_icons/I_C_Strawberry.png
  artifactKey: Guid(f3a739cb90c693b45a2b990e858087d2) Importer(815301076,1909f56bfc062723c751e8b465ee728b)
Start importing Assets/Sprites/RPG_icons/I_C_Strawberry.png using Guid(f3a739cb90c693b45a2b990e858087d2) Importer(815301076,1909f56bfc062723c751e8b465ee728b)  -> (artifact id: 'c249fdb04f8a9c344487e663884f0795') in 0.013671 seconds
  Import took 0.017544 seconds .

========================================================================
Received Import Request.
  Time since last request: 0.000247 seconds.
  path: Assets/Sprites/RPG_icons/I_Crystal01.png
  artifactKey: Guid(3d76c0fca4b99344f9902ff70f48ea67) Importer(815301076,1909f56bfc062723c751e8b465ee728b)
Start importing Assets/Sprites/RPG_icons/I_Crystal01.png using Guid(3d76c0fca4b99344f9902ff70f48ea67) Importer(815301076,1909f56bfc062723c751e8b465ee728b)  -> (artifact id: 'a82c0ef76239fb476ae51d4e155f9719') in 0.015667 seconds
  Import took 0.019739 seconds .

========================================================================
Received Import Request.
  Time since last request: 0.000245 seconds.
  path: Assets/Sprites/RPG_icons/I_Chest02.png
  artifactKey: Guid(68d749612f8ed344387ab6de08e52988) Importer(815301076,1909f56bfc062723c751e8b465ee728b)
Start importing Assets/Sprites/RPG_icons/I_Chest02.png using Guid(68d749612f8ed344387ab6de08e52988) Importer(815301076,1909f56bfc062723c751e8b465ee728b)  -> (artifact id: '08be794a7a45f2fe4cd5fe6f976fefae') in 0.021996 seconds
  Import took 0.025950 seconds .

========================================================================
Received Import Request.
  Time since last request: 0.000211 seconds.
  path: Assets/Sprites/RPG_icons/I_Chest01.png
  artifactKey: Guid(e559fc97431d0754b8dd815235ea5411) Importer(815301076,1909f56bfc062723c751e8b465ee728b)
Start importing Assets/Sprites/RPG_icons/I_Chest01.png using Guid(e559fc97431d0754b8dd815235ea5411) Importer(815301076,1909f56bfc062723c751e8b465ee728b)  -> (artifact id: '9ad417b9bfee137041466836bd4534ce') in 0.012326 seconds
  Import took 0.016541 seconds .

========================================================================
Received Import Request.
  Time since last request: 0.000223 seconds.
  path: Assets/Sprites/RPG_icons/I_Amethist.png
  artifactKey: Guid(b918d089ec4107c439306cb9f60880cc) Importer(815301076,1909f56bfc062723c751e8b465ee728b)
Start importing Assets/Sprites/RPG_icons/I_Amethist.png using Guid(b918d089ec4107c439306cb9f60880cc) Importer(815301076,1909f56bfc062723c751e8b465ee728b)  -> (artifact id: '32576e0080f51fba1ac18994a3fac429') in 0.010443 seconds
  Import took 0.014770 seconds .

========================================================================
Received Import Request.
  Time since last request: 0.000226 seconds.
  path: Assets/Sprites/RPG_icons/I_Crystal02.png
  artifactKey: Guid(9c0f61b9f7c2c8449962abed9846a561) Importer(815301076,1909f56bfc062723c751e8b465ee728b)
Start importing Assets/Sprites/RPG_icons/I_Crystal02.png using Guid(9c0f61b9f7c2c8449962abed9846a561) Importer(815301076,1909f56bfc062723c751e8b465ee728b)  -> (artifact id: 'ee556ac26d4ba7e305ebc5fca9442e0b') in 0.012089 seconds
  Import took 0.016237 seconds .

========================================================================
Received Import Request.
  Time since last request: 0.000212 seconds.
  path: Assets/Sprites/RPG_icons/I_Amethist.png
  artifactKey: Guid(b918d089ec4107c439306cb9f60880cc) Importer(815301076,1909f56bfc062723c751e8b465ee728b)
Start importing Assets/Sprites/RPG_icons/I_Amethist.png using Guid(b918d089ec4107c439306cb9f60880cc) Importer(815301076,1909f56bfc062723c751e8b465ee728b)  -> (artifact id: '32576e0080f51fba1ac18994a3fac429') in 0.010245 seconds
  Import took 0.014571 seconds .

========================================================================
Received Import Request.
  Time since last request: 0.000210 seconds.
  path: Assets/Sprites/RPG_icons/I_Crystal02.png
  artifactKey: Guid(9c0f61b9f7c2c8449962abed9846a561) Importer(815301076,1909f56bfc062723c751e8b465ee728b)
Start importing Assets/Sprites/RPG_icons/I_Crystal02.png using Guid(9c0f61b9f7c2c8449962abed9846a561) Importer(815301076,1909f56bfc062723c751e8b465ee728b)  -> (artifact id: 'ee556ac26d4ba7e305ebc5fca9442e0b') in 0.014806 seconds
  Import took 0.018847 seconds .

========================================================================
Received Import Request.
  Time since last request: 0.196632 seconds.
  path: Assets/Sprites/RPG_icons/W_Staff01.png
  artifactKey: Guid(3a91c4aac1dcb4249954eda18d6c0f1d) Importer(815301076,1909f56bfc062723c751e8b465ee728b)
Start importing Assets/Sprites/RPG_icons/W_Staff01.png using Guid(3a91c4aac1dcb4249954eda18d6c0f1d) Importer(815301076,1909f56bfc062723c751e8b465ee728b)  -> (artifact id: '98232bd395735582a0341008d427def2') in 0.014757 seconds
  Import took 0.021508 seconds .

========================================================================
Received Import Request.
  Time since last request: 0.000253 seconds.
  path: Assets/Sprites/RPG_icons/W_Staff06.png
  artifactKey: Guid(6a2a5ac3af854b5478b03c6a72ea2bb5) Importer(815301076,1909f56bfc062723c751e8b465ee728b)
Start importing Assets/Sprites/RPG_icons/W_Staff06.png using Guid(6a2a5ac3af854b5478b03c6a72ea2bb5) Importer(815301076,1909f56bfc062723c751e8b465ee728b)  -> (artifact id: '7e2abb77d5aef008a02e378bd6bcb1e9') in 0.011779 seconds
  Import took 0.015905 seconds .

========================================================================
Received Import Request.
  Time since last request: 0.000241 seconds.
  path: Assets/Sprites/RPG_icons/W_Staff04.png
  artifactKey: Guid(4996cb64662d822498a60e940e12d8d7) Importer(815301076,1909f56bfc062723c751e8b465ee728b)
Start importing Assets/Sprites/RPG_icons/W_Staff04.png using Guid(4996cb64662d822498a60e940e12d8d7) Importer(815301076,1909f56bfc062723c751e8b465ee728b)  -> (artifact id: '8f50c95e628073a5780addb6b1f85e8a') in 0.010731 seconds
  Import took 0.014819 seconds .

========================================================================
Received Import Request.
  Time since last request: 0.000204 seconds.
  path: Assets/Sprites/RPG_icons/W_Staff03.png
  artifactKey: Guid(dfb2d1fdee5d4d34582dec860d52f792) Importer(815301076,1909f56bfc062723c751e8b465ee728b)
Start importing Assets/Sprites/RPG_icons/W_Staff03.png using Guid(dfb2d1fdee5d4d34582dec860d52f792) Importer(815301076,1909f56bfc062723c751e8b465ee728b)  -> (artifact id: 'e5aaf63748397af486109d69d45493e7') in 0.012727 seconds
  Import took 0.016699 seconds .

========================================================================
Received Import Request.
  Time since last request: 0.000205 seconds.
  path: Assets/Sprites/RPG_icons/W_Staff08.png
  artifactKey: Guid(1c478b7ccac506f40800a97f3e1d6e3e) Importer(815301076,1909f56bfc062723c751e8b465ee728b)
Start importing Assets/Sprites/RPG_icons/W_Staff08.png using Guid(1c478b7ccac506f40800a97f3e1d6e3e) Importer(815301076,1909f56bfc062723c751e8b465ee728b)  -> (artifact id: '11c550f3910913df6d9e98cba722e155') in 0.011457 seconds
  Import took 0.015443 seconds .

========================================================================
Received Import Request.
  Time since last request: 0.000220 seconds.
  path: Assets/Sprites/RPG_icons/W_Staff07.png
  artifactKey: Guid(1fe88322d612dc54493939a89a7f8857) Importer(815301076,1909f56bfc062723c751e8b465ee728b)
Start importing Assets/Sprites/RPG_icons/W_Staff07.png using Guid(1fe88322d612dc54493939a89a7f8857) Importer(815301076,1909f56bfc062723c751e8b465ee728b)  -> (artifact id: '629ccde28b78cb7e424f2220bb4869c6') in 0.011920 seconds
  Import took 0.016020 seconds .

========================================================================
Received Import Request.
  Time since last request: 0.000214 seconds.
  path: Assets/Sprites/RPG_icons/W_Staff02.png
  artifactKey: Guid(af398cfab0d10e349a96c31e47594f24) Importer(815301076,1909f56bfc062723c751e8b465ee728b)
Start importing Assets/Sprites/RPG_icons/W_Staff02.png using Guid(af398cfab0d10e349a96c31e47594f24) Importer(815301076,1909f56bfc062723c751e8b465ee728b)  -> (artifact id: '4ca9b5c9c7766d9566fce11914ac1dc2') in 0.011521 seconds
  Import took 0.015670 seconds .

========================================================================
Received Import Request.
  Time since last request: 0.000210 seconds.
  path: Assets/Sprites/RPG_icons/W_Staff05.png
  artifactKey: Guid(df27cc3122b479242802d9b1dbc54f40) Importer(815301076,1909f56bfc062723c751e8b465ee728b)
Start importing Assets/Sprites/RPG_icons/W_Staff05.png using Guid(df27cc3122b479242802d9b1dbc54f40) Importer(815301076,1909f56bfc062723c751e8b465ee728b)  -> (artifact id: '121a31f35415a5fb07d839c77c06ff84') in 0.012085 seconds
  Import took 0.016471 seconds .

========================================================================
Received Import Request.
  Time since last request: 46.641164 seconds.
  path: Assets/Sprites/RPG_icons/A_Armor04.png
  artifactKey: Guid(c2b5578b31e584f49bc476fe26eb548f) Importer(815301076,1909f56bfc062723c751e8b465ee728b)
Start importing Assets/Sprites/RPG_icons/A_Armor04.png using Guid(c2b5578b31e584f49bc476fe26eb548f) Importer(815301076,1909f56bfc062723c751e8b465ee728b)  -> (artifact id: '98c5518c972f1d6ba0ddeca024b49aac') in 0.012376 seconds
  Import took 0.017432 seconds .

========================================================================
Received Import Request.
  Time since last request: 0.000241 seconds.
  path: Assets/Sprites/RPG_icons/A_Armour01.png
  artifactKey: Guid(3955c4b359342ba4aa31244a6fee77b5) Importer(815301076,1909f56bfc062723c751e8b465ee728b)
Start importing Assets/Sprites/RPG_icons/A_Armour01.png using Guid(3955c4b359342ba4aa31244a6fee77b5) Importer(815301076,1909f56bfc062723c751e8b465ee728b)  -> (artifact id: '3dec2c510e9382d3b6febc15f0e3507e') in 0.010609 seconds
  Import took 0.014773 seconds .

========================================================================
Received Import Request.
  Time since last request: 0.000175 seconds.
  path: Assets/Sprites/RPG_icons/A_Armor04.png
  artifactKey: Guid(c2b5578b31e584f49bc476fe26eb548f) Importer(815301076,1909f56bfc062723c751e8b465ee728b)
Start importing Assets/Sprites/RPG_icons/A_Armor04.png using Guid(c2b5578b31e584f49bc476fe26eb548f) Importer(815301076,1909f56bfc062723c751e8b465ee728b)  -> (artifact id: '98c5518c972f1d6ba0ddeca024b49aac') in 0.010650 seconds
  Import took 0.014653 seconds .

========================================================================
Received Import Request.
  Time since last request: 0.000213 seconds.
  path: Assets/Sprites/RPG_icons/A_Clothing01.png
  artifactKey: Guid(512d2dcb52144814e9447c80f66429b9) Importer(815301076,1909f56bfc062723c751e8b465ee728b)
Start importing Assets/Sprites/RPG_icons/A_Clothing01.png using Guid(512d2dcb52144814e9447c80f66429b9) Importer(815301076,1909f56bfc062723c751e8b465ee728b)  -> (artifact id: '39fde9eb2bb3331485cbfbb0b7dcaaea') in 0.011384 seconds
  Import took 0.015355 seconds .

========================================================================
Received Import Request.
  Time since last request: 0.000243 seconds.
  path: Assets/Sprites/RPG_icons/A_Armour03.png
  artifactKey: Guid(fabc5a6dce81d9f47ada5f42aa5049da) Importer(815301076,1909f56bfc062723c751e8b465ee728b)
Start importing Assets/Sprites/RPG_icons/A_Armour03.png using Guid(fabc5a6dce81d9f47ada5f42aa5049da) Importer(815301076,1909f56bfc062723c751e8b465ee728b)  -> (artifact id: '996abd2adb623bd5e98ffa73e61d82cb') in 0.011783 seconds
  Import took 0.015681 seconds .

========================================================================
Received Import Request.
  Time since last request: 0.000258 seconds.
  path: Assets/Sprites/RPG_icons/A_Armor05.png
  artifactKey: Guid(945480dafc6f25a4bb62a7d088fe1930) Importer(815301076,1909f56bfc062723c751e8b465ee728b)
Start importing Assets/Sprites/RPG_icons/A_Armor05.png using Guid(945480dafc6f25a4bb62a7d088fe1930) Importer(815301076,1909f56bfc062723c751e8b465ee728b)  -> (artifact id: 'd864ee153a6963e686f79c2dd1f5d5f4') in 0.010549 seconds
  Import took 0.014753 seconds .

========================================================================
Received Import Request.
  Time since last request: 0.000224 seconds.
  path: Assets/Sprites/RPG_icons/A_Shoes05.png
  artifactKey: Guid(96044649ac4b69a4b9707700909e2323) Importer(815301076,1909f56bfc062723c751e8b465ee728b)
Start importing Assets/Sprites/RPG_icons/A_Shoes05.png using Guid(96044649ac4b69a4b9707700909e2323) Importer(815301076,1909f56bfc062723c751e8b465ee728b)  -> (artifact id: 'ba994b9f12323f2693eb9bc0109e6b24') in 0.011103 seconds
  Import took 0.015120 seconds .

========================================================================
Received Import Request.
  Time since last request: 0.000263 seconds.
  path: Assets/Sprites/RPG_icons/A_Clothing02.png
  artifactKey: Guid(1f6c3a206b3ba88498c26c024af2b502) Importer(815301076,1909f56bfc062723c751e8b465ee728b)
Start importing Assets/Sprites/RPG_icons/A_Clothing02.png using Guid(1f6c3a206b3ba88498c26c024af2b502) Importer(815301076,1909f56bfc062723c751e8b465ee728b)  -> (artifact id: '1f53ef3ee037a517dfd2a472499700e5') in 0.009948 seconds
  Import took 0.013925 seconds .

========================================================================
Received Import Request.
  Time since last request: 0.000249 seconds.
  path: Assets/Sprites/RPG_icons/A_Shoes01.png
  artifactKey: Guid(a07e1e46b6a391844b3a803bd736fbbd) Importer(815301076,1909f56bfc062723c751e8b465ee728b)
Start importing Assets/Sprites/RPG_icons/A_Shoes01.png using Guid(a07e1e46b6a391844b3a803bd736fbbd) Importer(815301076,1909f56bfc062723c751e8b465ee728b)  -> (artifact id: 'facf2ed0ea3fb103f69b820276647ab6') in 0.011120 seconds
  Import took 0.015506 seconds .

========================================================================
Received Import Request.
  Time since last request: 0.000255 seconds.
  path: Assets/Sprites/RPG_icons/A_Shoes02.png
  artifactKey: Guid(84b06a72ec438fa429336728e6ed6f6f) Importer(815301076,1909f56bfc062723c751e8b465ee728b)
Start importing Assets/Sprites/RPG_icons/A_Shoes02.png using Guid(84b06a72ec438fa429336728e6ed6f6f) Importer(815301076,1909f56bfc062723c751e8b465ee728b)  -> (artifact id: '5e9cb0bb47fb1d0bcc189cc55139955f') in 0.010906 seconds
  Import took 0.015212 seconds .

========================================================================
Received Import Request.
  Time since last request: 0.000222 seconds.
  path: Assets/Sprites/RPG_icons/A_Shoes04.png
  artifactKey: Guid(a2589d23926db984ea265eca0027984f) Importer(815301076,1909f56bfc062723c751e8b465ee728b)
Start importing Assets/Sprites/RPG_icons/A_Shoes04.png using Guid(a2589d23926db984ea265eca0027984f) Importer(815301076,1909f56bfc062723c751e8b465ee728b)  -> (artifact id: 'e15a7e626b7490d297b40923b649e184') in 0.010682 seconds
  Import took 0.015013 seconds .

========================================================================
Received Import Request.
  Time since last request: 0.000135 seconds.
  path: Assets/Sprites/RPG_icons/A_Armour02.png
  artifactKey: Guid(81785fe2100fde849be244d67815e8b5) Importer(815301076,1909f56bfc062723c751e8b465ee728b)
Start importing Assets/Sprites/RPG_icons/A_Armour02.png using Guid(81785fe2100fde849be244d67815e8b5) Importer(815301076,1909f56bfc062723c751e8b465ee728b)  -> (artifact id: 'd4927a6f9d2b22073def2da0729506e9') in 0.010652 seconds
  Import took 0.014676 seconds .

========================================================================
Received Import Request.
  Time since last request: 0.000188 seconds.
  path: Assets/Sprites/RPG_icons/A_Shoes03.png
  artifactKey: Guid(cc7b2856c5a3ad84fb1f958ba60fe843) Importer(815301076,1909f56bfc062723c751e8b465ee728b)
Start importing Assets/Sprites/RPG_icons/A_Shoes03.png using Guid(cc7b2856c5a3ad84fb1f958ba60fe843) Importer(815301076,1909f56bfc062723c751e8b465ee728b)  -> (artifact id: 'f072697eccf855721c8845d1d2137fa0') in 0.012054 seconds
  Import took 0.016257 seconds .

========================================================================
Received Import Request.
  Time since last request: 6.512369 seconds.
  path: Assets/Sprites/RPG_icons/I_BronzeBar.png
  artifactKey: Guid(9f61b46c5e28ac546be6e5cd1157a29e) Importer(815301076,1909f56bfc062723c751e8b465ee728b)
Start importing Assets/Sprites/RPG_icons/I_BronzeBar.png using Guid(9f61b46c5e28ac546be6e5cd1157a29e) Importer(815301076,1909f56bfc062723c751e8b465ee728b)  -> (artifact id: '582cea3c41c8ec931f216ca4d2779fdb') in 0.013441 seconds
  Import took 0.018395 seconds .

========================================================================
Received Import Request.
  Time since last request: 0.000248 seconds.
  path: Assets/Sprites/RPG_icons/I_Rock02.png
  artifactKey: Guid(d1710d9277f3d9e449e186eca03cce2b) Importer(815301076,1909f56bfc062723c751e8b465ee728b)
Start importing Assets/Sprites/RPG_icons/I_Rock02.png using Guid(d1710d9277f3d9e449e186eca03cce2b) Importer(815301076,1909f56bfc062723c751e8b465ee728b)  -> (artifact id: 'bbd6d4960e351ee26c34f55aba1a8afa') in 0.011885 seconds
  Import took 0.015666 seconds .

========================================================================
Received Import Request.
  Time since last request: 0.000266 seconds.
  path: Assets/Sprites/RPG_icons/I_FrogLeg.png
  artifactKey: Guid(e671d92dff8539643b132c702aeecbe8) Importer(815301076,1909f56bfc062723c751e8b465ee728b)
Start importing Assets/Sprites/RPG_icons/I_FrogLeg.png using Guid(e671d92dff8539643b132c702aeecbe8) Importer(815301076,1909f56bfc062723c751e8b465ee728b)  -> (artifact id: '6805c5cf0ef0dbdd284c8b55947ad98e') in 0.011481 seconds
  Import took 0.015610 seconds .

========================================================================
Received Import Request.
  Time since last request: 0.000234 seconds.
  path: Assets/Sprites/RPG_icons/I_IronBall.png
  artifactKey: Guid(8311dae948ed9c441b8e30c3fa47542b) Importer(815301076,1909f56bfc062723c751e8b465ee728b)
Start importing Assets/Sprites/RPG_icons/I_IronBall.png using Guid(8311dae948ed9c441b8e30c3fa47542b) Importer(815301076,1909f56bfc062723c751e8b465ee728b)  -> (artifact id: '4c7d3571945726138820ce899f1de630') in 0.012345 seconds
  Import took 0.016201 seconds .

========================================================================
Received Import Request.
  Time since last request: 0.000223 seconds.
  path: Assets/Sprites/RPG_icons/I_C_Carrot.png
  artifactKey: Guid(e60fe8c69b903444aa84a62c017513ca) Importer(815301076,1909f56bfc062723c751e8b465ee728b)
Start importing Assets/Sprites/RPG_icons/I_C_Carrot.png using Guid(e60fe8c69b903444aa84a62c017513ca) Importer(815301076,1909f56bfc062723c751e8b465ee728b)  -> (artifact id: '009bf1d22a3dc7ba74d7e2c54189a1a4') in 0.011395 seconds
  Import took 0.015225 seconds .

========================================================================
Received Import Request.
  Time since last request: 0.000231 seconds.
  path: Assets/Sprites/RPG_icons/I_Rock05.png
  artifactKey: Guid(c420fca7ba877da419fef5553ceaa187) Importer(815301076,1909f56bfc062723c751e8b465ee728b)
Start importing Assets/Sprites/RPG_icons/I_Rock05.png using Guid(c420fca7ba877da419fef5553ceaa187) Importer(815301076,1909f56bfc062723c751e8b465ee728b)  -> (artifact id: '8c6505e8455ad0c788abb63070f71232') in 0.011827 seconds
  Import took 0.015644 seconds .

========================================================================
Received Import Request.
  Time since last request: 0.000227 seconds.
  path: Assets/Sprites/RPG_icons/I_Mirror.png
  artifactKey: Guid(52df8cee69bdc784aa48157baf2d2a51) Importer(815301076,1909f56bfc062723c751e8b465ee728b)
Start importing Assets/Sprites/RPG_icons/I_Mirror.png using Guid(52df8cee69bdc784aa48157baf2d2a51) Importer(815301076,1909f56bfc062723c751e8b465ee728b)  -> (artifact id: '1195e8867e186b62f3c6ac2dff65977d') in 0.010450 seconds
  Import took 0.014487 seconds .

========================================================================
Received Import Request.
  Time since last request: 0.000238 seconds.
  path: Assets/Sprites/RPG_icons/I_Rock04.png
  artifactKey: Guid(93599b78f0b93c74bbe3449a8ad4a8a5) Importer(815301076,1909f56bfc062723c751e8b465ee728b)
Start importing Assets/Sprites/RPG_icons/I_Rock04.png using Guid(93599b78f0b93c74bbe3449a8ad4a8a5) Importer(815301076,1909f56bfc062723c751e8b465ee728b)  -> (artifact id: '7750cef737891418914b277296df3b31') in 0.011227 seconds
  Import took 0.015307 seconds .

========================================================================
Received Import Request.
  Time since last request: 0.000208 seconds.
  path: Assets/Sprites/RPG_icons/I_C_Mushroom.png
  artifactKey: Guid(efee8b3f9d59ee745bd27ef139f6df27) Importer(815301076,1909f56bfc062723c751e8b465ee728b)
Start importing Assets/Sprites/RPG_icons/I_C_Mushroom.png using Guid(efee8b3f9d59ee745bd27ef139f6df27) Importer(815301076,1909f56bfc062723c751e8b465ee728b)  -> (artifact id: '403c8d2e96c08e0a86e0a2a7101ed6ec') in 0.011323 seconds
  Import took 0.015469 seconds .

========================================================================
Received Import Request.
  Time since last request: 0.000225 seconds.
  path: Assets/Sprites/RPG_icons/I_Rock01.png
  artifactKey: Guid(303e6333e068aee4ea29e5e35c95b1f0) Importer(815301076,1909f56bfc062723c751e8b465ee728b)
Start importing Assets/Sprites/RPG_icons/I_Rock01.png using Guid(303e6333e068aee4ea29e5e35c95b1f0) Importer(815301076,1909f56bfc062723c751e8b465ee728b)  -> (artifact id: 'a1a8eabc31cd42a8b266ecabe3672d03') in 0.011118 seconds
  Import took 0.015272 seconds .

========================================================================
Received Import Request.
  Time since last request: 0.000229 seconds.
  path: Assets/Sprites/RPG_icons/I_Rock03.png
  artifactKey: Guid(9dd8e2e779eee314da2b2ae9515d328a) Importer(815301076,1909f56bfc062723c751e8b465ee728b)
Start importing Assets/Sprites/RPG_icons/I_Rock03.png using Guid(9dd8e2e779eee314da2b2ae9515d328a) Importer(815301076,1909f56bfc062723c751e8b465ee728b)  -> (artifact id: 'f7899349c5aa281927a780fc93acbb28') in 0.010260 seconds
  Import took 0.014257 seconds .

========================================================================
Received Import Request.
  Time since last request: 0.000206 seconds.
  path: Assets/Sprites/RPG_icons/I_BronzeCoin.png
  artifactKey: Guid(7a102afb36b137c4090739af7832004e) Importer(815301076,1909f56bfc062723c751e8b465ee728b)
Start importing Assets/Sprites/RPG_icons/I_BronzeCoin.png using Guid(7a102afb36b137c4090739af7832004e) Importer(815301076,1909f56bfc062723c751e8b465ee728b)  -> (artifact id: '9014954b4503345c43297362582bcc70') in 0.011744 seconds
  Import took 0.015913 seconds .

========================================================================
Received Import Request.
  Time since last request: 13.733772 seconds.
  path: Assets/Sprites/RPG_icons/A_Shoes06.png
  artifactKey: Guid(62a2b76132c39e2499ce22d7e9c681e8) Importer(815301076,1909f56bfc062723c751e8b465ee728b)
Start importing Assets/Sprites/RPG_icons/A_Shoes06.png using Guid(62a2b76132c39e2499ce22d7e9c681e8) Importer(815301076,1909f56bfc062723c751e8b465ee728b)  -> (artifact id: '4f428cc724e7b8b975d490a57757f196') in 0.014495 seconds
  Import took 0.019243 seconds .

========================================================================
Received Import Request.
  Time since last request: 0.000253 seconds.
  path: Assets/Sprites/RPG_icons/A_Shoes07.png
  artifactKey: Guid(6ac7ca3e28268cc4aa5def5b5e2a1f68) Importer(815301076,1909f56bfc062723c751e8b465ee728b)
Start importing Assets/Sprites/RPG_icons/A_Shoes07.png using Guid(6ac7ca3e28268cc4aa5def5b5e2a1f68) Importer(815301076,1909f56bfc062723c751e8b465ee728b)  -> (artifact id: 'ca71cf8fcdd27da3aa238598742ae8e1') in 0.012914 seconds
  Import took 0.016749 seconds .

========================================================================
Received Import Request.
  Time since last request: 0.000236 seconds.
  path: Assets/Sprites/RPG_icons/E_Bones02.png
  artifactKey: Guid(19ce4d8b6c14b3441a80a3d77d836fde) Importer(815301076,1909f56bfc062723c751e8b465ee728b)
Start importing Assets/Sprites/RPG_icons/E_Bones02.png using Guid(19ce4d8b6c14b3441a80a3d77d836fde) Importer(815301076,1909f56bfc062723c751e8b465ee728b)  -> (artifact id: 'a9dad7a2791206fca438db6393014b3b') in 0.011714 seconds
  Import took 0.015775 seconds .

========================================================================
Received Import Request.
  Time since last request: 0.000232 seconds.
  path: Assets/Sprites/RPG_icons/E_Bones03.png
  artifactKey: Guid(f992b6a65b062b74c8d3924c47c02f96) Importer(815301076,1909f56bfc062723c751e8b465ee728b)
Start importing Assets/Sprites/RPG_icons/E_Bones03.png using Guid(f992b6a65b062b74c8d3924c47c02f96) Importer(815301076,1909f56bfc062723c751e8b465ee728b)  -> (artifact id: '604648c9d5026cffcf53b8674788eca9') in 0.013017 seconds
  Import took 0.017070 seconds .

========================================================================
Received Import Request.
  Time since last request: 0.000250 seconds.
  path: Assets/Sprites/Overworld.png
  artifactKey: Guid(313b2b7c8dd75f545a97e21fd25f4f54) Importer(815301076,1909f56bfc062723c751e8b465ee728b)
Start importing Assets/Sprites/Overworld.png using Guid(313b2b7c8dd75f545a97e21fd25f4f54) Importer(815301076,1909f56bfc062723c751e8b465ee728b)  -> (artifact id: 'c8beef63dacfc80efffcabf4c1f8d6d6') in 1.429977 seconds
  Import took 1.437152 seconds .

========================================================================
Received Import Request.
  Time since last request: 21.858003 seconds.
  path: Assets/Sprites/RPG_icons/E_Wood01.png
  artifactKey: Guid(ed2d34fc5d9750d43859810c1b595637) Importer(815301076,1909f56bfc062723c751e8b465ee728b)
Start importing Assets/Sprites/RPG_icons/E_Wood01.png using Guid(ed2d34fc5d9750d43859810c1b595637) Importer(815301076,1909f56bfc062723c751e8b465ee728b)  -> (artifact id: 'a64d484e5d8bd5e24d8b077268ea219e') in 0.011992 seconds
  Import took 0.016698 seconds .

========================================================================
Received Import Request.
  Time since last request: 0.000255 seconds.
  path: Assets/Sprites/RPG_icons/I_ScorpionClaw.png
  artifactKey: Guid(a07a9ca91201e7345810033124961436) Importer(815301076,1909f56bfc062723c751e8b465ee728b)
Start importing Assets/Sprites/RPG_icons/I_ScorpionClaw.png using Guid(a07a9ca91201e7345810033124961436) Importer(815301076,1909f56bfc062723c751e8b465ee728b)  -> (artifact id: 'ddbd20154834cc6d02ec3a42d92cfd85') in 0.012654 seconds
  Import took 0.016760 seconds .

========================================================================
Received Import Request.
  Time since last request: 0.000234 seconds.
  path: Assets/Sprites/RPG_icons/I_RabbitPaw.png
  artifactKey: Guid(3e56806a07a2c0144bab2f1e7f65f86a) Importer(815301076,1909f56bfc062723c751e8b465ee728b)
Start importing Assets/Sprites/RPG_icons/I_RabbitPaw.png using Guid(3e56806a07a2c0144bab2f1e7f65f86a) Importer(815301076,1909f56bfc062723c751e8b465ee728b)  -> (artifact id: '1b5f992e454764f7b76a941c20305524') in 0.012478 seconds
  Import took 0.016606 seconds .

========================================================================
Received Import Request.
  Time since last request: 0.000244 seconds.
  path: Assets/Sprites/RPG_icons/I_BatWing.png
  artifactKey: Guid(65190e08be8c4d34e977f2f4092d253f) Importer(815301076,1909f56bfc062723c751e8b465ee728b)
Start importing Assets/Sprites/RPG_icons/I_BatWing.png using Guid(65190e08be8c4d34e977f2f4092d253f) Importer(815301076,1909f56bfc062723c751e8b465ee728b)  -> (artifact id: '49738dcecdefd36f3c399414ebf47e51') in 0.011639 seconds
  Import took 0.015785 seconds .

========================================================================
Received Import Request.
  Time since last request: 0.000198 seconds.
  path: Assets/Sprites/RPG_icons/E_Wood03.png
  artifactKey: Guid(903ef249537c6494e99e1a50912649ee) Importer(815301076,1909f56bfc062723c751e8b465ee728b)
Start importing Assets/Sprites/RPG_icons/E_Wood03.png using Guid(903ef249537c6494e99e1a50912649ee) Importer(815301076,1909f56bfc062723c751e8b465ee728b)  -> (artifact id: '06a64fada48f1f201b7ff5384fdcc17b') in 0.010279 seconds
  Import took 0.014377 seconds .

========================================================================
Received Import Request.
  Time since last request: 0.000254 seconds.
  path: Assets/Sprites/RPG_icons/I_C_YellowPepper.png
  artifactKey: Guid(bde8f162e95dce548ab836e6ce8e7dc8) Importer(815301076,1909f56bfc062723c751e8b465ee728b)
Start importing Assets/Sprites/RPG_icons/I_C_YellowPepper.png using Guid(bde8f162e95dce548ab836e6ce8e7dc8) Importer(815301076,1909f56bfc062723c751e8b465ee728b)  -> (artifact id: 'fc3556309cde1e841e61414d50afbd9a') in 0.011882 seconds
  Import took 0.016002 seconds .

========================================================================
Received Import Request.
  Time since last request: 0.000213 seconds.
  path: Assets/Sprites/RPG_icons/E_Wood04.png
  artifactKey: Guid(32b5cf234e8e96740bc44ad1bb6cc22e) Importer(815301076,1909f56bfc062723c751e8b465ee728b)
Start importing Assets/Sprites/RPG_icons/E_Wood04.png using Guid(32b5cf234e8e96740bc44ad1bb6cc22e) Importer(815301076,1909f56bfc062723c751e8b465ee728b)  -> (artifact id: 'e9150d7b92b392ea3d5daaee1dca11b4') in 0.015216 seconds
  Import took 0.019253 seconds .

========================================================================
Received Import Request.
  Time since last request: 0.000240 seconds.
  path: Assets/Sprites/RPG_icons/I_C_Watermellon.png
  artifactKey: Guid(c4cd003875fd4d443b22401e03278b32) Importer(815301076,1909f56bfc062723c751e8b465ee728b)
Start importing Assets/Sprites/RPG_icons/I_C_Watermellon.png using Guid(c4cd003875fd4d443b22401e03278b32) Importer(815301076,1909f56bfc062723c751e8b465ee728b)  -> (artifact id: '680579d41a882ce1632a9dd3ab2ac243') in 0.013297 seconds
  Import took 0.017290 seconds .

========================================================================
Received Import Request.
  Time since last request: 0.000274 seconds.
  path: Assets/Sprites/RPG_icons/I_C_RawFish.png
  artifactKey: Guid(fb216dc752d007a4f81a0576f04ebfc3) Importer(815301076,1909f56bfc062723c751e8b465ee728b)
Start importing Assets/Sprites/RPG_icons/I_C_RawFish.png using Guid(fb216dc752d007a4f81a0576f04ebfc3) Importer(815301076,1909f56bfc062723c751e8b465ee728b)  -> (artifact id: 'c1f080ecb4f17466ffd1992ee0b61310') in 0.011855 seconds
  Import took 0.016149 seconds .

========================================================================
Received Import Request.
  Time since last request: 0.000178 seconds.
  path: Assets/Sprites/RPG_icons/E_Wood02.png
  artifactKey: Guid(933b4fe26ad2aed46b7da889e3783384) Importer(815301076,1909f56bfc062723c751e8b465ee728b)
Start importing Assets/Sprites/RPG_icons/E_Wood02.png using Guid(933b4fe26ad2aed46b7da889e3783384) Importer(815301076,1909f56bfc062723c751e8b465ee728b)  -> (artifact id: '8c48d21ae1494d0982fa089889ad879f') in 0.012788 seconds
  Import took 0.017418 seconds .

========================================================================
Received Import Request.
  Time since last request: 0.000246 seconds.
  path: Assets/Sprites/RPG_icons/I_C_RawMeat.png
  artifactKey: Guid(175b2c7d842dc834094ea15d0a6996f6) Importer(815301076,1909f56bfc062723c751e8b465ee728b)
Start importing Assets/Sprites/RPG_icons/I_C_RawMeat.png using Guid(175b2c7d842dc834094ea15d0a6996f6) Importer(815301076,1909f56bfc062723c751e8b465ee728b)  -> (artifact id: 'c7c174074f2bf9ee6b06f5b499631518') in 0.014599 seconds
  Import took 0.018890 seconds .

========================================================================
Received Import Request.
  Time since last request: 63.465181 seconds.
  path: Assets/Scripts/ItemContainer.cs
  artifactKey: Guid(4b22d2367848a944487e273b7164b935) Importer(815301076,1909f56bfc062723c751e8b465ee728b)
Start importing Assets/Scripts/ItemContainer.cs using Guid(4b22d2367848a944487e273b7164b935) Importer(815301076,1909f56bfc062723c751e8b465ee728b)  -> (artifact id: '6e83d0a70c49a41454e7452638366087') in 0.005543 seconds
  Import took 0.009776 seconds .

========================================================================
Received Import Request.
  Time since last request: 0.006634 seconds.
  path: Assets/Scripts/ItemContainer.cs
  artifactKey: Guid(4b22d2367848a944487e273b7164b935) Importer(815301076,1909f56bfc062723c751e8b465ee728b)
Start importing Assets/Scripts/ItemContainer.cs using Guid(4b22d2367848a944487e273b7164b935) Importer(815301076,1909f56bfc062723c751e8b465ee728b)  -> (artifact id: '6e83d0a70c49a41454e7452638366087') in 0.005879 seconds
  Import took 0.010195 seconds .

========================================================================
Received Prepare
Registering precompiled user dll's ...
Registered in 0.001646 seconds.
Begin MonoManager ReloadAssembly
Native extension for WindowsStandalone target not found
Refreshing native plugins compatible for Editor in 0.75 ms, found 1 plugins.
Preloading 0 native plugins for Editor in 0.00 ms.
Mono: successfully reloaded assembly
- Completed reload, in  0.826 seconds
Platform modules already initialized, skipping
Shader 'Universal Render Pipeline/Particles/Lit': fallback shader 'Universal Render Pipeline/Particles/SimpleLit' not found
Refreshing native plugins compatible for Editor in 0.61 ms, found 1 plugins.
Preloading 0 native plugins for Editor in 0.00 ms.
Unloading 2997 Unused Serialized files (Serialized files now loaded: 0)
System memory in use before: 158.8 MB.
System memory in use after: 159.1 MB.

Unloading 9 unused Assets to reduce memory usage. Loaded Objects now: 3695.
Total: 2.104400 ms (FindLiveObjects: 0.251100 ms CreateObjectMapping: 0.119900 ms MarkObjects: 1.720100 ms  DeleteObjects: 0.012600 ms)

========================================================================
Received Prepare
Registering precompiled user dll's ...
Registered in 0.001801 seconds.
Begin MonoManager ReloadAssembly
Native extension for WindowsStandalone target not found
Refreshing native plugins compatible for Editor in 0.61 ms, found 1 plugins.
Preloading 0 native plugins for Editor in 0.00 ms.
Mono: successfully reloaded assembly
- Completed reload, in  0.805 seconds
Platform modules already initialized, skipping
Shader 'Universal Render Pipeline/Particles/Lit': fallback shader 'Universal Render Pipeline/Particles/SimpleLit' not found
Refreshing native plugins compatible for Editor in 0.60 ms, found 1 plugins.
Preloading 0 native plugins for Editor in 0.00 ms.
Unloading 2997 Unused Serialized files (Serialized files now loaded: 0)
System memory in use before: 158.9 MB.
System memory in use after: 159.1 MB.

Unloading 9 unused Assets to reduce memory usage. Loaded Objects now: 3699.
Total: 2.173500 ms (FindLiveObjects: 0.251900 ms CreateObjectMapping: 0.111400 ms MarkObjects: 1.795800 ms  DeleteObjects: 0.013500 ms)

========================================================================
Received Import Request.
  Time since last request: 230.774597 seconds.
  path: Assets/Scripts/ItemContainer.cs
  artifactKey: Guid(4b22d2367848a944487e273b7164b935) Importer(815301076,1909f56bfc062723c751e8b465ee728b)
Start importing Assets/Scripts/ItemContainer.cs using Guid(4b22d2367848a944487e273b7164b935) Importer(815301076,1909f56bfc062723c751e8b465ee728b)  -> (artifact id: '1fc4c369e28b384184ed0f56869d616f') in 0.007638 seconds
  Import took 0.011682 seconds .

========================================================================
Received Import Request.
  Time since last request: 10.903760 seconds.
  path: Assets/NewBehaviourScript.cs
  artifactKey: Guid(6b13133076bab5543923c2ea1db976ef) Importer(815301076,1909f56bfc062723c751e8b465ee728b)
Start importing Assets/NewBehaviourScript.cs using Guid(6b13133076bab5543923c2ea1db976ef) Importer(815301076,1909f56bfc062723c751e8b465ee728b)  -> (artifact id: '01fd4fd3ac2120fee619e7e2e1098d29') in 0.005879 seconds
  Import took 0.010077 seconds .

========================================================================
Received Import Request.
  Time since last request: 0.004370 seconds.
  path: Assets/NewBehaviourScript.cs
  artifactKey: Guid(6b13133076bab5543923c2ea1db976ef) Importer(815301076,1909f56bfc062723c751e8b465ee728b)
Start importing Assets/NewBehaviourScript.cs using Guid(6b13133076bab5543923c2ea1db976ef) Importer(815301076,1909f56bfc062723c751e8b465ee728b)  -> (artifact id: '01fd4fd3ac2120fee619e7e2e1098d29') in 0.005085 seconds
  Import took 0.009452 seconds .

========================================================================
Received Prepare
Registering precompiled user dll's ...
Registered in 0.001455 seconds.
Begin MonoManager ReloadAssembly
Native extension for WindowsStandalone target not found
Refreshing native plugins compatible for Editor in 0.61 ms, found 1 plugins.
Preloading 0 native plugins for Editor in 0.00 ms.
Mono: successfully reloaded assembly
- Completed reload, in  0.795 seconds
Platform modules already initialized, skipping
Shader 'Universal Render Pipeline/Particles/Lit': fallback shader 'Universal Render Pipeline/Particles/SimpleLit' not found
Refreshing native plugins compatible for Editor in 0.60 ms, found 1 plugins.
Preloading 0 native plugins for Editor in 0.00 ms.
Unloading 2998 Unused Serialized files (Serialized files now loaded: 0)
System memory in use before: 158.9 MB.
System memory in use after: 159.2 MB.

Unloading 9 unused Assets to reduce memory usage. Loaded Objects now: 3704.
Total: 2.395000 ms (FindLiveObjects: 0.259300 ms CreateObjectMapping: 0.119900 ms MarkObjects: 2.000500 ms  DeleteObjects: 0.014500 ms)

========================================================================
Received Prepare
Registering precompiled user dll's ...
Registered in 0.001450 seconds.
Begin MonoManager ReloadAssembly
Native extension for WindowsStandalone target not found
Refreshing native plugins compatible for Editor in 0.68 ms, found 1 plugins.
Preloading 0 native plugins for Editor in 0.00 ms.
Mono: successfully reloaded assembly
- Completed reload, in  0.776 seconds
Platform modules already initialized, skipping
Shader 'Universal Render Pipeline/Particles/Lit': fallback shader 'Universal Render Pipeline/Particles/SimpleLit' not found
Refreshing native plugins compatible for Editor in 0.60 ms, found 1 plugins.
Preloading 0 native plugins for Editor in 0.00 ms.
Unloading 2997 Unused Serialized files (Serialized files now loaded: 0)
System memory in use before: 158.9 MB.
System memory in use after: 159.2 MB.

Unloading 10 unused Assets to reduce memory usage. Loaded Objects now: 3707.
Total: 2.465800 ms (FindLiveObjects: 0.259400 ms CreateObjectMapping: 0.111700 ms MarkObjects: 2.078100 ms  DeleteObjects: 0.015800 ms)

========================================================================
Received Prepare
Registering precompiled user dll's ...
Registered in 0.001414 seconds.
Begin MonoManager ReloadAssembly
Native extension for WindowsStandalone target not found
Refreshing native plugins compatible for Editor in 0.61 ms, found 1 plugins.
Preloading 0 native plugins for Editor in 0.00 ms.
Mono: successfully reloaded assembly
- Completed reload, in  0.782 seconds
Platform modules already initialized, skipping
Shader 'Universal Render Pipeline/Particles/Lit': fallback shader 'Universal Render Pipeline/Particles/SimpleLit' not found
Refreshing native plugins compatible for Editor in 0.61 ms, found 1 plugins.
Preloading 0 native plugins for Editor in 0.00 ms.
Unloading 2997 Unused Serialized files (Serialized files now loaded: 0)
System memory in use before: 158.9 MB.
System memory in use after: 159.2 MB.

Unloading 9 unused Assets to reduce memory usage. Loaded Objects now: 3711.
Total: 2.168300 ms (FindLiveObjects: 0.247200 ms CreateObjectMapping: 0.105500 ms MarkObjects: 1.801200 ms  DeleteObjects: 0.013500 ms)

========================================================================
Received Import Request.
  Time since last request: 51.413603 seconds.
  path: Assets/inventory.asset
  artifactKey: Guid(c0b603300c890584ab6693e3968953f5) Importer(815301076,1909f56bfc062723c751e8b465ee728b)
Start importing Assets/inventory.asset using Guid(c0b603300c890584ab6693e3968953f5) Importer(815301076,1909f56bfc062723c751e8b465ee728b)  -> (artifact id: 'bf62a011bd3f707480cc7e1012dbbf97') in 0.026919 seconds
  Import took 0.031259 seconds .

========================================================================
Received Prepare
Registering precompiled user dll's ...
Registered in 0.001451 seconds.
Begin MonoManager ReloadAssembly
Native extension for WindowsStandalone target not found
Refreshing native plugins compatible for Editor in 0.63 ms, found 1 plugins.
Preloading 0 native plugins for Editor in 0.00 ms.
Mono: successfully reloaded assembly
- Completed reload, in  0.799 seconds
Platform modules already initialized, skipping
Shader 'Universal Render Pipeline/Particles/Lit': fallback shader 'Universal Render Pipeline/Particles/SimpleLit' not found
Refreshing native plugins compatible for Editor in 0.62 ms, found 1 plugins.
Preloading 0 native plugins for Editor in 0.00 ms.
Unloading 2998 Unused Serialized files (Serialized files now loaded: 0)
System memory in use before: 159.0 MB.
System memory in use after: 159.2 MB.

Unloading 9 unused Assets to reduce memory usage. Loaded Objects now: 3716.
Total: 3.635700 ms (FindLiveObjects: 0.248300 ms CreateObjectMapping: 0.112800 ms MarkObjects: 3.253600 ms  DeleteObjects: 0.019700 ms)

========================================================================
Received Prepare
Registering precompiled user dll's ...
Registered in 0.001446 seconds.
Begin MonoManager ReloadAssembly
Native extension for WindowsStandalone target not found
Refreshing native plugins compatible for Editor in 0.62 ms, found 1 plugins.
Preloading 0 native plugins for Editor in 0.00 ms.
Mono: successfully reloaded assembly
- Completed reload, in  0.783 seconds
Platform modules already initialized, skipping
Shader 'Universal Render Pipeline/Particles/Lit': fallback shader 'Universal Render Pipeline/Particles/SimpleLit' not found
Refreshing native plugins compatible for Editor in 0.61 ms, found 1 plugins.
Preloading 0 native plugins for Editor in 0.00 ms.
Unloading 2998 Unused Serialized files (Serialized files now loaded: 0)
System memory in use before: 159.0 MB.
System memory in use after: 159.2 MB.

Unloading 9 unused Assets to reduce memory usage. Loaded Objects now: 3720.
Total: 2.634300 ms (FindLiveObjects: 0.301800 ms CreateObjectMapping: 0.129500 ms MarkObjects: 2.184600 ms  DeleteObjects: 0.017300 ms)

========================================================================
Received Prepare
Registering precompiled user dll's ...
Registered in 0.001455 seconds.
Begin MonoManager ReloadAssembly
Native extension for WindowsStandalone target not found
Refreshing native plugins compatible for Editor in 0.61 ms, found 1 plugins.
Preloading 0 native plugins for Editor in 0.00 ms.
Mono: successfully reloaded assembly
- Completed reload, in  0.795 seconds
Platform modules already initialized, skipping
Shader 'Universal Render Pipeline/Particles/Lit': fallback shader 'Universal Render Pipeline/Particles/SimpleLit' not found
Refreshing native plugins compatible for Editor in 0.62 ms, found 1 plugins.
Preloading 0 native plugins for Editor in 0.00 ms.
Unloading 2999 Unused Serialized files (Serialized files now loaded: 0)
System memory in use before: 159.0 MB.
System memory in use after: 159.2 MB.

Unloading 9 unused Assets to reduce memory usage. Loaded Objects now: 3725.
Total: 2.243600 ms (FindLiveObjects: 0.254400 ms CreateObjectMapping: 0.102200 ms MarkObjects: 1.871400 ms  DeleteObjects: 0.014600 ms)

========================================================================
Received Prepare
Registering precompiled user dll's ...
Registered in 0.001424 seconds.
Begin MonoManager ReloadAssembly
Native extension for WindowsStandalone target not found
Refreshing native plugins compatible for Editor in 0.60 ms, found 1 plugins.
Preloading 0 native plugins for Editor in 0.00 ms.
Mono: successfully reloaded assembly
- Completed reload, in  0.774 seconds
Platform modules already initialized, skipping
Shader 'Universal Render Pipeline/Particles/Lit': fallback shader 'Universal Render Pipeline/Particles/SimpleLit' not found
Refreshing native plugins compatible for Editor in 0.73 ms, found 1 plugins.
Preloading 0 native plugins for Editor in 0.00 ms.
Unloading 2999 Unused Serialized files (Serialized files now loaded: 0)
System memory in use before: 159.0 MB.
System memory in use after: 159.2 MB.

Unloading 9 unused Assets to reduce memory usage. Loaded Objects now: 3729.
Total: 2.343700 ms (FindLiveObjects: 0.235200 ms CreateObjectMapping: 0.221800 ms MarkObjects: 1.870900 ms  DeleteObjects: 0.015100 ms)

========================================================================
Received Prepare
Registering precompiled user dll's ...
Registered in 0.001442 seconds.
Begin MonoManager ReloadAssembly
Native extension for WindowsStandalone target not found
Refreshing native plugins compatible for Editor in 0.61 ms, found 1 plugins.
Preloading 0 native plugins for Editor in 0.00 ms.
Mono: successfully reloaded assembly
- Completed reload, in  0.799 seconds
Platform modules already initialized, skipping
Shader 'Universal Render Pipeline/Particles/Lit': fallback shader 'Universal Render Pipeline/Particles/SimpleLit' not found
Refreshing native plugins compatible for Editor in 0.62 ms, found 1 plugins.
Preloading 0 native plugins for Editor in 0.00 ms.
Unloading 2999 Unused Serialized files (Serialized files now loaded: 0)
System memory in use before: 159.0 MB.
System memory in use after: 159.3 MB.

Unloading 9 unused Assets to reduce memory usage. Loaded Objects now: 3733.
Total: 2.121500 ms (FindLiveObjects: 0.276500 ms CreateObjectMapping: 0.121700 ms MarkObjects: 1.709100 ms  DeleteObjects: 0.013200 ms)

========================================================================
Received Import Request.
  Time since last request: 2531.579093 seconds.
  path: Assets/inventory.asset
  artifactKey: Guid(c0b603300c890584ab6693e3968953f5) Importer(815301076,1909f56bfc062723c751e8b465ee728b)
Start importing Assets/inventory.asset using Guid(c0b603300c890584ab6693e3968953f5) Importer(815301076,1909f56bfc062723c751e8b465ee728b)  -> (artifact id: '78a2b333061c9f57e0e279e98011bea6') in 0.030650 seconds
  Import took 0.035805 seconds .

========================================================================
Received Prepare
Registering precompiled user dll's ...
Registered in 0.001409 seconds.
Begin MonoManager ReloadAssembly
Native extension for WindowsStandalone target not found
Refreshing native plugins compatible for Editor in 0.60 ms, found 1 plugins.
Preloading 0 native plugins for Editor in 0.00 ms.
Mono: successfully reloaded assembly
- Completed reload, in  0.777 seconds
Platform modules already initialized, skipping
Shader 'Universal Render Pipeline/Particles/Lit': fallback shader 'Universal Render Pipeline/Particles/SimpleLit' not found
Refreshing native plugins compatible for Editor in 0.61 ms, found 1 plugins.
Preloading 0 native plugins for Editor in 0.00 ms.
Unloading 2999 Unused Serialized files (Serialized files now loaded: 0)
System memory in use before: 159.0 MB.
System memory in use after: 159.3 MB.

Unloading 9 unused Assets to reduce memory usage. Loaded Objects now: 3737.
Total: 3.063200 ms (FindLiveObjects: 0.266900 ms CreateObjectMapping: 0.118100 ms MarkObjects: 2.657200 ms  DeleteObjects: 0.019900 ms)

========================================================================
Received Prepare
Registering precompiled user dll's ...
Registered in 0.001423 seconds.
Begin MonoManager ReloadAssembly
Native extension for WindowsStandalone target not found
Refreshing native plugins compatible for Editor in 0.62 ms, found 1 plugins.
Preloading 0 native plugins for Editor in 0.00 ms.
Mono: successfully reloaded assembly
- Completed reload, in  0.785 seconds
Platform modules already initialized, skipping
Shader 'Universal Render Pipeline/Particles/Lit': fallback shader 'Universal Render Pipeline/Particles/SimpleLit' not found
Refreshing native plugins compatible for Editor in 0.67 ms, found 1 plugins.
Preloading 0 native plugins for Editor in 0.00 ms.
Unloading 2999 Unused Serialized files (Serialized files now loaded: 0)
System memory in use before: 159.0 MB.
System memory in use after: 159.3 MB.

Unloading 9 unused Assets to reduce memory usage. Loaded Objects now: 3741.
Total: 2.220900 ms (FindLiveObjects: 0.245100 ms CreateObjectMapping: 0.106100 ms MarkObjects: 1.855500 ms  DeleteObjects: 0.013500 ms)

========================================================================
Received Import Request.
  Time since last request: 136.914090 seconds.
  path: Assets/Stone.asset
  artifactKey: Guid(c627e2621f3a14b4b8a194b925b7923c) Importer(815301076,1909f56bfc062723c751e8b465ee728b)
Start importing Assets/Stone.asset using Guid(c627e2621f3a14b4b8a194b925b7923c) Importer(815301076,1909f56bfc062723c751e8b465ee728b)  -> (artifact id: '2cf92edbf039b7a2021725b905d1a22c') in 0.018831 seconds
  Import took 0.023101 seconds .

========================================================================
Received Import Request.
  Time since last request: 2.460802 seconds.
  path: Assets/Wood.asset
  artifactKey: Guid(f596a84571b915e49820647c8d9f11c0) Importer(815301076,1909f56bfc062723c751e8b465ee728b)
Start importing Assets/Wood.asset using Guid(f596a84571b915e49820647c8d9f11c0) Importer(815301076,1909f56bfc062723c751e8b465ee728b)  -> (artifact id: '1f9efaf28cfb26244fc199c1aa56cddc') in 0.004946 seconds
  Import took 0.009294 seconds .

========================================================================
Received Prepare
Registering precompiled user dll's ...
Registered in 0.001460 seconds.
Begin MonoManager ReloadAssembly
Native extension for WindowsStandalone target not found
Refreshing native plugins compatible for Editor in 0.61 ms, found 1 plugins.
Preloading 0 native plugins for Editor in 0.00 ms.
Mono: successfully reloaded assembly
- Completed reload, in  0.784 seconds
Platform modules already initialized, skipping
Shader 'Universal Render Pipeline/Particles/Lit': fallback shader 'Universal Render Pipeline/Particles/SimpleLit' not found
Refreshing native plugins compatible for Editor in 0.64 ms, found 1 plugins.
Preloading 0 native plugins for Editor in 0.00 ms.
Unloading 2999 Unused Serialized files (Serialized files now loaded: 0)
System memory in use before: 159.1 MB.
System memory in use after: 159.3 MB.

Unloading 9 unused Assets to reduce memory usage. Loaded Objects now: 3745.
Total: 2.177100 ms (FindLiveObjects: 0.257000 ms CreateObjectMapping: 0.107200 ms MarkObjects: 1.798600 ms  DeleteObjects: 0.013500 ms)

========================================================================
Received Import Request.
  Time since last request: 64.295139 seconds.
  path: Assets/Wood.asset
  artifactKey: Guid(f596a84571b915e49820647c8d9f11c0) Importer(815301076,1909f56bfc062723c751e8b465ee728b)
Start importing Assets/Wood.asset using Guid(f596a84571b915e49820647c8d9f11c0) Importer(815301076,1909f56bfc062723c751e8b465ee728b)  -> (artifact id: 'bf5a1f4c785029d42698d441ab3cb520') in 0.015743 seconds
  Import took 0.020359 seconds .

========================================================================
Received Prepare
Registering precompiled user dll's ...
Registered in 0.001398 seconds.
Begin MonoManager ReloadAssembly
Native extension for WindowsStandalone target not found
Refreshing native plugins compatible for Editor in 0.60 ms, found 1 plugins.
Preloading 0 native plugins for Editor in 0.00 ms.
Mono: successfully reloaded assembly
- Completed reload, in  0.855 seconds
Platform modules already initialized, skipping
Shader 'Universal Render Pipeline/Particles/Lit': fallback shader 'Universal Render Pipeline/Particles/SimpleLit' not found
Refreshing native plugins compatible for Editor in 0.62 ms, found 1 plugins.
Preloading 0 native plugins for Editor in 0.00 ms.
Unloading 3000 Unused Serialized files (Serialized files now loaded: 0)
System memory in use before: 159.1 MB.
System memory in use after: 159.3 MB.

Unloading 9 unused Assets to reduce memory usage. Loaded Objects now: 3750.
Total: 2.322200 ms (FindLiveObjects: 0.274500 ms CreateObjectMapping: 0.119200 ms MarkObjects: 1.912200 ms  DeleteObjects: 0.015600 ms)

========================================================================
Received Prepare
Registering precompiled user dll's ...
Registered in 0.001466 seconds.
Begin MonoManager ReloadAssembly
Native extension for WindowsStandalone target not found
Refreshing native plugins compatible for Editor in 0.62 ms, found 1 plugins.
Preloading 0 native plugins for Editor in 0.00 ms.
Mono: successfully reloaded assembly
- Completed reload, in  0.781 seconds
Platform modules already initialized, skipping
Shader 'Universal Render Pipeline/Particles/Lit': fallback shader 'Universal Render Pipeline/Particles/SimpleLit' not found
Refreshing native plugins compatible for Editor in 0.62 ms, found 1 plugins.
Preloading 0 native plugins for Editor in 0.00 ms.
Unloading 3000 Unused Serialized files (Serialized files now loaded: 0)
System memory in use before: 159.1 MB.
System memory in use after: 159.3 MB.

Unloading 9 unused Assets to reduce memory usage. Loaded Objects now: 3754.
Total: 2.252800 ms (FindLiveObjects: 0.254600 ms CreateObjectMapping: 0.110300 ms MarkObjects: 1.874000 ms  DeleteObjects: 0.013200 ms)

========================================================================
Received Prepare
Registering precompiled user dll's ...
Registered in 0.001481 seconds.
Begin MonoManager ReloadAssembly
Native extension for WindowsStandalone target not found
Refreshing native plugins compatible for Editor in 0.61 ms, found 1 plugins.
Preloading 0 native plugins for Editor in 0.00 ms.
Mono: successfully reloaded assembly
- Completed reload, in  0.775 seconds
Platform modules already initialized, skipping
Shader 'Universal Render Pipeline/Particles/Lit': fallback shader 'Universal Render Pipeline/Particles/SimpleLit' not found
Refreshing native plugins compatible for Editor in 0.61 ms, found 1 plugins.
Preloading 0 native plugins for Editor in 0.00 ms.
Unloading 3000 Unused Serialized files (Serialized files now loaded: 0)
System memory in use before: 159.1 MB.
System memory in use after: 159.3 MB.

Unloading 9 unused Assets to reduce memory usage. Loaded Objects now: 3758.
Total: 2.398700 ms (FindLiveObjects: 0.288000 ms CreateObjectMapping: 0.121100 ms MarkObjects: 1.972200 ms  DeleteObjects: 0.016500 ms)

========================================================================
Received Prepare
Registering precompiled user dll's ...
Registered in 0.001463 seconds.
Begin MonoManager ReloadAssembly
Native extension for WindowsStandalone target not found
Refreshing native plugins compatible for Editor in 0.61 ms, found 1 plugins.
Preloading 0 native plugins for Editor in 0.00 ms.
Mono: successfully reloaded assembly
- Completed reload, in  0.782 seconds
Platform modules already initialized, skipping
Shader 'Universal Render Pipeline/Particles/Lit': fallback shader 'Universal Render Pipeline/Particles/SimpleLit' not found
Refreshing native plugins compatible for Editor in 0.60 ms, found 1 plugins.
Preloading 0 native plugins for Editor in 0.00 ms.
Unloading 3000 Unused Serialized files (Serialized files now loaded: 0)
System memory in use before: 159.1 MB.
System memory in use after: 159.3 MB.

Unloading 9 unused Assets to reduce memory usage. Loaded Objects now: 3762.
Total: 2.265000 ms (FindLiveObjects: 0.265100 ms CreateObjectMapping: 0.116300 ms MarkObjects: 1.868900 ms  DeleteObjects: 0.013800 ms)

========================================================================
Received Prepare
Registering precompiled user dll's ...
Registered in 0.001496 seconds.
Begin MonoManager ReloadAssembly
Native extension for WindowsStandalone target not found
Refreshing native plugins compatible for Editor in 0.66 ms, found 1 plugins.
Preloading 0 native plugins for Editor in 0.00 ms.
Mono: successfully reloaded assembly
- Completed reload, in  0.824 seconds
Platform modules already initialized, skipping
Shader 'Universal Render Pipeline/Particles/Lit': fallback shader 'Universal Render Pipeline/Particles/SimpleLit' not found
Refreshing native plugins compatible for Editor in 0.67 ms, found 1 plugins.
Preloading 0 native plugins for Editor in 0.00 ms.
Unloading 3000 Unused Serialized files (Serialized files now loaded: 0)
System memory in use before: 159.1 MB.
System memory in use after: 159.3 MB.

Unloading 9 unused Assets to reduce memory usage. Loaded Objects now: 3766.
Total: 2.873900 ms (FindLiveObjects: 0.396700 ms CreateObjectMapping: 0.273800 ms MarkObjects: 2.186000 ms  DeleteObjects: 0.016300 ms)

========================================================================
Received Import Request.
  Time since last request: 3377.517295 seconds.
  path: Assets/inventory.asset
  artifactKey: Guid(c0b603300c890584ab6693e3968953f5) Importer(815301076,1909f56bfc062723c751e8b465ee728b)
Start importing Assets/inventory.asset using Guid(c0b603300c890584ab6693e3968953f5) Importer(815301076,1909f56bfc062723c751e8b465ee728b)  -> (artifact id: 'dce79833c05aa7d98eced4e7a295b84d') in 0.304573 seconds
  Import took 0.316265 seconds .

========================================================================
Received Prepare
Registering precompiled user dll's ...
Registered in 0.002085 seconds.
Begin MonoManager ReloadAssembly
Native extension for WindowsStandalone target not found
Refreshing native plugins compatible for Editor in 0.62 ms, found 1 plugins.
Preloading 0 native plugins for Editor in 0.00 ms.
Mono: successfully reloaded assembly
- Completed reload, in  1.673 seconds
Platform modules already initialized, skipping
Shader 'Universal Render Pipeline/Particles/Lit': fallback shader 'Universal Render Pipeline/Particles/SimpleLit' not found
Refreshing native plugins compatible for Editor in 0.60 ms, found 1 plugins.
Preloading 0 native plugins for Editor in 0.00 ms.
Unloading 3000 Unused Serialized files (Serialized files now loaded: 0)
System memory in use before: 159.1 MB.
System memory in use after: 159.4 MB.

Unloading 9 unused Assets to reduce memory usage. Loaded Objects now: 3770.
Total: 2.318800 ms (FindLiveObjects: 0.255600 ms CreateObjectMapping: 0.115400 ms MarkObjects: 1.932800 ms  DeleteObjects: 0.014300 ms)

